[12-19 07:59:41,478, 4380] main.Main CPU: 12.533333333333333
[12-19 07:59:45,009, 7911] main.Main CPU: 13.466666666666667
[12-19 07:59:45,916, 8818] mysql.MySqlConnect com.mysql.jdbc.exceptions.jdbc4.MySQLIntegrityConstraintViolationException: Duplicate entry 'example@mail.ru' for key 'email'
[12-19 07:59:46,640, 9542] mysql.MySqlConnect query:
select distinct p.author_id from post p join users u on p.author_id = u.id where p.forum_id = 29 and p.author_id > 2 order by u.name asc limit 2;
[12-19 07:59:46,640, 9542] mysql.MySqlConnect java.sql.SQLException: Expression #1 of ORDER BY clause is not in SELECT list, references column 'SMDB.u.name' which is not in SELECT list; this is incompatible with DISTINCT
[12-19 07:59:46,646, 9548] mysql.MySqlConnect query:
select distinct author_id from post p where forum_id = 30 order by name desc ;
[12-19 07:59:46,646, 9548] mysql.MySqlConnect java.sql.SQLException: Expression #1 of ORDER BY clause is not in SELECT list, references column 'SMDB.p.name' which is not in SELECT list; this is incompatible with DISTINCT
[12-19 07:59:48,551, 11453] main.Main CPU: 22.299999999999997
[12-19 07:59:52,082, 14984] main.Main CPU: 3.5
[12-19 07:59:55,621, 18523] main.Main CPU: 15.5
[12-19 07:59:59,156, 22058] main.Main CPU: 1.2666666666666666
[12-19 08:00:02,675, 25577] main.Main CPU: 1.0333333333333334
[12-19 08:00:06,215, 29117] main.Main CPU: 1.1666666666666667
[12-19 08:00:09,740, 32642] main.Main CPU: 0.8000000000000002
[12-19 08:00:13,272, 36174] main.Main CPU: 0.9333333333333332
[12-19 08:00:16,807, 39709] main.Main CPU: 1.4666666666666666
[12-19 08:00:20,325, 43227] main.Main CPU: 1.0999999999999999
[12-19 08:00:23,854, 46756] main.Main CPU: 1.0999999999999999
[12-19 08:00:27,371, 50273] main.Main CPU: 0.7000000000000001
[12-19 08:00:30,893, 53795] main.Main CPU: 0.6666666666666666
[12-19 08:00:34,412, 57314] main.Main CPU: 1.0999999999999999
[12-19 08:00:37,940, 60842] main.Main CPU: 0.6
[12-19 08:00:41,483, 64385] main.Main CPU: 2.6
[12-19 08:00:45,028, 67930] main.Main CPU: 1.2
[12-19 08:00:48,545, 71447] main.Main CPU: 2.466666666666667
[12-19 08:00:52,067, 74969] main.Main CPU: 1.3
[12-19 08:00:55,589, 78491] main.Main CPU: 1.7666666666666666
[12-19 08:00:59,106, 82008] main.Main CPU: 0.8666666666666667
[12-19 08:01:02,623, 85525] main.Main CPU: 0.5333333333333333
[12-19 08:01:06,141, 89043] main.Main CPU: 1.2
[12-19 08:01:12,384, 95286] main.Main CPU: 1.2
[12-19 08:15:08,722, 931624] main.Main CPU: 10.233333333333333
[12-19 08:15:12,276, 935178] main.Main CPU: 2.6
[12-19 08:15:15,819, 938721] main.Main CPU: 1.7333333333333334
[12-19 08:15:19,315, 942217] mysql.MySqlConnect com.mysql.jdbc.exceptions.jdbc4.MySQLIntegrityConstraintViolationException: Duplicate entry 'example3@mail.ru' for key 'email'
[12-19 08:15:19,356, 942258] main.Main CPU: 16.8
[12-19 08:15:20,181, 943083] mysql.MySqlConnect query:
select distinct p.author_id from post p join users u on p.author_id = u.id where p.forum_id = 33 and p.author_id > 2 order by u.name asc limit 2;
[12-19 08:15:20,181, 943083] mysql.MySqlConnect java.sql.SQLException: Expression #1 of ORDER BY clause is not in SELECT list, references column 'SMDB.u.name' which is not in SELECT list; this is incompatible with DISTINCT
[12-19 08:15:20,188, 943090] mysql.MySqlConnect query:
select distinct author_id from post p where forum_id = 34 order by name desc ;
[12-19 08:15:20,188, 943090] mysql.MySqlConnect java.sql.SQLException: Expression #1 of ORDER BY clause is not in SELECT list, references column 'SMDB.p.name' which is not in SELECT list; this is incompatible with DISTINCT
[12-19 08:15:22,900, 945802] main.Main CPU: 6.033333333333334
[12-19 08:15:26,446, 949348] main.Main CPU: 1.5666666666666667
[12-19 08:15:29,986, 952888] main.Main CPU: 1.0333333333333332
[12-19 08:15:33,523, 956425] main.Main CPU: 1.0
[12-19 08:15:37,058, 959960] main.Main CPU: 2.1333333333333333
[12-19 08:15:40,600, 963502] main.Main CPU: 16.26666666666667
[12-19 08:15:44,137, 967039] main.Main CPU: 2.8333333333333335
[12-19 08:15:47,674, 970576] main.Main CPU: 6.0
[12-19 08:15:51,200, 974102] main.Main CPU: 0.9333333333333332
[12-19 08:15:54,729, 977631] main.Main CPU: 5.8999999999999995
[12-19 08:15:58,253, 981155] main.Main CPU: 1.7
[12-19 08:16:01,778, 984680] main.Main CPU: 0.3
[12-19 08:16:05,302, 988204] main.Main CPU: 0.9333333333333332
[12-19 08:16:08,828, 991730] main.Main CPU: 2.566666666666667
[12-19 08:16:12,351, 995253] main.Main CPU: 0.5333333333333333
[12-19 08:16:15,878, 998780] main.Main CPU: 0.9333333333333332
[12-19 08:16:19,399, 1002301] main.Main CPU: 0.16666666666666666
[12-19 08:16:22,925, 1005827] main.Main CPU: 0.09999999999999999
[12-19 08:16:26,448, 1009350] main.Main CPU: 1.0
[12-19 08:16:29,975, 1012877] main.Main CPU: 1.3666666666666665
[12-19 08:16:33,500, 1016402] main.Main CPU: 4.233333333333333
[12-19 08:16:37,101, 1020003] main.Main CPU: 1.7666666666666666
[12-19 08:16:40,745, 1023647] main.Main CPU: 1.8666666666666665
[12-19 08:16:44,344, 1027246] main.Main CPU: 16.666666666666668
[12-19 08:16:47,900, 1030802] main.Main CPU: 44.73333333333334
[12-19 08:16:51,531, 1034433] main.Main CPU: 5.333333333333333
[12-19 08:16:55,140, 1038042] main.Main CPU: 7.2
[12-19 08:16:58,786, 1041688] main.Main CPU: 19.03333333333333
[12-19 08:17:02,431, 1045333] main.Main CPU: 3.766666666666667
[12-19 08:17:06,049, 1048951] main.Main CPU: 0.7000000000000001
[12-19 08:17:09,674, 1052576] main.Main CPU: 0.6
[12-19 08:17:13,251, 1056153] main.Main CPU: 1.5333333333333332
[12-19 08:17:16,871, 1059773] main.Main CPU: 0.7666666666666666
[12-19 08:17:20,517, 1063419] main.Main CPU: 0.7666666666666666
[12-19 08:17:24,190, 1067092] main.Main CPU: 0.8000000000000002
[12-19 08:17:27,827, 1070729] main.Main CPU: 1.0333333333333334
[12-19 08:17:31,497, 1074399] main.Main CPU: 1.0333333333333334
[12-19 08:17:35,098, 1078000] main.Main CPU: 1.0
[12-19 08:17:38,766, 1081668] main.Main CPU: 1.0333333333333332
[12-19 08:17:42,429, 1085331] main.Main CPU: 0.9333333333333332
[12-19 08:17:46,093, 1088995] main.Main CPU: 1.0333333333333334
[12-19 08:17:49,742, 1092644] main.Main CPU: 1.5
[12-19 08:17:53,373, 1096275] main.Main CPU: 1.2666666666666666
[12-19 08:17:57,051, 1099953] main.Main CPU: 2.033333333333333
[12-19 08:18:00,723, 1103625] main.Main CPU: 1.7
[12-19 08:18:04,379, 1107281] main.Main CPU: 1.1333333333333335
[12-19 08:18:08,012, 1110914] main.Main CPU: 1.0
[12-19 08:18:11,660, 1114562] main.Main CPU: 1.0333333333333334
[12-19 08:18:15,282, 1118184] main.Main CPU: 0.6
[12-19 08:18:18,909, 1121811] main.Main CPU: 0.9333333333333332
[12-19 08:18:22,574, 1125476] main.Main CPU: 1.0333333333333334
[12-19 08:18:26,226, 1129128] main.Main CPU: 0.9333333333333332
[12-19 08:18:29,882, 1132784] main.Main CPU: 0.7666666666666666
[12-19 08:18:33,564, 1136466] main.Main CPU: 2.4666666666666663
[12-19 08:18:37,208, 1140110] main.Main CPU: 0.8666666666666667
[12-19 08:18:40,841, 1143743] main.Main CPU: 0.6333333333333334
[12-19 08:18:44,454, 1147356] main.Main CPU: 1.0999999999999999
[12-19 08:18:48,081, 1150983] main.Main CPU: 0.8000000000000002
[12-19 08:18:51,739, 1154641] main.Main CPU: 0.8000000000000002
[12-19 08:18:55,431, 1158333] main.Main CPU: 3.766666666666667
[12-19 08:18:59,056, 1161958] main.Main CPU: 3.933333333333333
[12-19 08:19:02,748, 1165650] main.Main CPU: 4.033333333333334
[12-19 08:19:06,390, 1169292] main.Main CPU: 4.066666666666666
[12-19 08:19:10,007, 1172909] main.Main CPU: 4.3
[12-19 08:19:13,604, 1176506] main.Main CPU: 4.3999999999999995
[12-19 08:19:17,256, 1180158] main.Main CPU: 4.933333333333333
[12-19 08:19:20,927, 1183829] main.Main CPU: 3.233333333333333
[12-19 08:19:24,553, 1187455] main.Main CPU: 0.09999999999999999
[12-19 08:19:28,159, 1191061] main.Main CPU: 0.3666666666666667
[12-19 08:19:31,708, 1194610] main.Main CPU: 2.1666666666666665
[12-19 08:19:35,280, 1198182] main.Main CPU: 0.0
[12-19 08:19:38,929, 1201831] main.Main CPU: 0.3666666666666667
[12-19 08:19:42,553, 1205455] main.Main CPU: 0.8333333333333334
[12-19 08:19:46,142, 1209044] main.Main CPU: 0.26666666666666666
[12-19 08:19:49,751, 1212653] main.Main CPU: 0.26666666666666666
[12-19 08:19:53,332, 1216234] main.Main CPU: 0.16666666666666666
[12-19 08:19:56,939, 1219841] main.Main CPU: 0.6
[12-19 08:20:00,601, 1223503] main.Main CPU: 0.5
[12-19 08:20:04,279, 1227181] main.Main CPU: 0.6666666666666666
[12-19 08:20:07,921, 1230823] main.Main CPU: 0.7666666666666666
[12-19 08:20:11,546, 1234448] main.Main CPU: 0.39999999999999997
[12-19 08:20:15,167, 1238069] main.Main CPU: 0.19999999999999998
[12-19 08:20:18,847, 1241749] main.Main CPU: 0.6
[12-19 08:20:22,436, 1245338] main.Main CPU: 0.0
[12-19 08:20:26,071, 1248973] main.Main CPU: 0.3
[12-19 08:20:29,681, 1252583] main.Main CPU: 0.3666666666666667
[12-19 08:20:33,363, 1256265] main.Main CPU: 0.6
[12-19 08:20:36,990, 1259892] main.Main CPU: 4.933333333333334
[12-19 08:20:40,660, 1263562] main.Main CPU: 4.866666666666666
[12-19 08:20:44,327, 1267229] main.Main CPU: 4.833333333333333
[12-19 08:20:47,954, 1270856] main.Main CPU: 0.43333333333333335
[12-19 08:20:51,574, 1274476] main.Main CPU: 0.3666666666666667
[12-19 08:20:55,208, 1278110] main.Main CPU: 0.26666666666666666
[12-19 08:20:58,866, 1281768] main.Main CPU: 0.43333333333333335
[12-19 08:21:02,518, 1285420] main.Main CPU: 0.7666666666666666
[12-19 08:21:06,135, 1289037] main.Main CPU: 0.43333333333333335
[12-19 08:21:09,733, 1292635] main.Main CPU: 0.16666666666666666
[12-19 08:21:13,333, 1296235] main.Main CPU: 0.26666666666666666
[12-19 08:21:16,878, 1299780] main.Main CPU: 0.06666666666666667
[12-19 08:21:20,517, 1303419] main.Main CPU: 0.3333333333333333
[12-19 08:21:24,181, 1307083] main.Main CPU: 0.09999999999999999
[12-19 08:21:27,818, 1310720] main.Main CPU: 0.5333333333333333
[12-19 08:21:31,462, 1314364] main.Main CPU: 0.43333333333333335
[12-19 08:21:35,121, 1318023] main.Main CPU: 0.3666666666666667
[12-19 08:21:38,778, 1321680] main.Main CPU: 0.6
[12-19 08:21:42,396, 1325298] main.Main CPU: 0.26666666666666666
[12-19 08:21:45,942, 1328844] main.Main CPU: 0.06666666666666667
[12-19 08:21:49,542, 1332444] main.Main CPU: 0.16666666666666666
[12-19 08:21:53,211, 1336113] main.Main CPU: 0.3
[12-19 08:21:56,868, 1339770] main.Main CPU: 0.6333333333333333
[12-19 08:22:00,535, 1343437] main.Main CPU: 0.3666666666666667
[12-19 08:22:04,186, 1347088] main.Main CPU: 0.43333333333333335
[12-19 08:22:07,831, 1350733] main.Main CPU: 0.5
[12-19 08:22:11,465, 1354367] main.Main CPU: 0.3
[12-19 08:22:15,108, 1358010] main.Main CPU: 0.43333333333333335
[12-19 08:22:18,767, 1361669] main.Main CPU: 0.43333333333333335
[12-19 08:22:22,430, 1365332] main.Main CPU: 0.26666666666666666
[12-19 08:22:26,077, 1368979] main.Main CPU: 0.16666666666666666
[12-19 08:22:29,703, 1372605] main.Main CPU: 0.16666666666666666
[12-19 08:22:33,329, 1376231] main.Main CPU: 1.0999999999999999
[12-19 08:22:36,990, 1379892] main.Main CPU: 0.3333333333333333
[12-19 08:22:40,658, 1383560] main.Main CPU: 0.3666666666666667
[12-19 08:22:44,308, 1387210] main.Main CPU: 0.9333333333333332
[12-19 08:22:47,969, 1390871] main.Main CPU: 0.3
[12-19 08:22:51,605, 1394507] main.Main CPU: 0.3333333333333333
[12-19 08:22:55,173, 1398075] main.Main CPU: 0.5
[12-19 08:22:58,806, 1401708] main.Main CPU: 8.933333333333334
[12-19 08:23:02,367, 1405269] main.Main CPU: 25.0
[12-19 08:23:05,948, 1408850] main.Main CPU: 14.199999999999998
[12-19 08:23:09,538, 1412440] main.Main CPU: 17.033333333333335
[12-19 08:23:13,137, 1416039] main.Main CPU: 22.066666666666666
[12-19 08:23:16,688, 1419590] main.Main CPU: 39.6
[12-19 08:23:20,249, 1423151] main.Main CPU: 51.1
[12-19 08:23:23,821, 1426723] main.Main CPU: 17.966666666666665
[12-19 08:23:27,360, 1430262] main.Main CPU: 20.733333333333334
[12-19 08:23:30,952, 1433854] main.Main CPU: 21.799999999999997
[12-19 08:23:34,594, 1437496] main.Main CPU: 6.300000000000001
[12-19 08:23:38,243, 1441145] main.Main CPU: 0.3666666666666667
[12-19 08:23:41,872, 1444774] main.Main CPU: 3.0666666666666664
[12-19 08:23:45,451, 1448353] main.Main CPU: 13.566666666666668
[12-19 08:23:49,021, 1451923] main.Main CPU: 11.866666666666667
[12-19 08:23:52,707, 1455609] main.Main CPU: 3.1999999999999997
[12-19 08:23:56,353, 1459255] main.Main CPU: 0.7666666666666666
[12-19 08:23:59,993, 1462895] main.Main CPU: 1.0333333333333332
[12-19 08:24:03,670, 1466572] main.Main CPU: 0.7333333333333334
[12-19 08:24:07,342, 1470244] main.Main CPU: 2.1
[12-19 08:24:11,054, 1473956] main.Main CPU: 1.5666666666666667
[12-19 08:24:14,705, 1477607] main.Main CPU: 1.7666666666666668
[12-19 08:24:18,298, 1481200] main.Main CPU: 2.1333333333333333
[12-19 08:24:21,915, 1484817] main.Main CPU: 5.766666666666666
[12-19 08:24:25,546, 1488448] main.Main CPU: 3.4
[12-19 08:24:29,218, 1492120] main.Main CPU: 1.0333333333333332
[12-19 08:19:06,698, 1169600] main.Main CPU: 1.2
[12-19 08:19:10,387, 1173289] main.Main CPU: 1.5999999999999999
[12-19 08:19:14,034, 1176936] main.Main CPU: 0.8666666666666667
[12-19 08:19:17,600, 1180502] main.Main CPU: 0.6
[12-19 08:19:21,216, 1184118] main.Main CPU: 0.8333333333333334
[12-19 08:19:24,833, 1187735] main.Main CPU: 0.6333333333333334
[12-19 08:19:28,479, 1191381] main.Main CPU: 0.6666666666666666
[12-19 08:19:32,087, 1194989] main.Main CPU: 0.9666666666666668
[12-19 08:19:35,749, 1198651] main.Main CPU: 0.6666666666666666
[12-19 08:19:39,399, 1202301] main.Main CPU: 0.7666666666666666
[12-19 08:19:43,013, 1205915] main.Main CPU: 1.0333333333333332
[12-19 08:19:46,695, 1209597] main.Main CPU: 0.6
[12-19 08:19:50,359, 1213261] main.Main CPU: 0.9
[12-19 08:19:53,999, 1216901] main.Main CPU: 0.5333333333333333
[12-19 08:19:57,601, 1220503] main.Main CPU: 0.7000000000000001
[12-19 08:20:01,236, 1224138] main.Main CPU: 0.7666666666666666
[12-19 08:20:04,881, 1227783] main.Main CPU: 1.0666666666666667
[12-19 08:20:08,547, 1231449] main.Main CPU: 0.8666666666666667
[12-19 08:20:12,136, 1235038] main.Main CPU: 1.0
[12-19 08:20:15,732, 1238634] main.Main CPU: 0.6
[12-19 08:20:19,316, 1242218] main.Main CPU: 0.5
[12-19 08:20:22,941, 1245843] main.Main CPU: 0.7666666666666666
[12-19 08:20:26,594, 1249496] main.Main CPU: 0.5333333333333333
[12-19 08:20:30,228, 1253130] main.Main CPU: 0.8000000000000002
[12-19 08:20:33,906, 1256808] main.Main CPU: 1.0
[12-19 08:20:37,551, 1260453] main.Main CPU: 2.8666666666666667
[12-19 08:20:41,220, 1264122] main.Main CPU: 0.7666666666666666
[12-19 08:20:44,829, 1267731] main.Main CPU: 0.6
[12-19 08:20:48,429, 1271331] main.Main CPU: 1.2
[12-19 08:20:52,053, 1274955] main.Main CPU: 0.9333333333333332
[12-19 08:20:55,701, 1278603] main.Main CPU: 0.8333333333333334
[12-19 08:20:59,386, 1282288] main.Main CPU: 1.0
[12-19 08:21:03,029, 1285931] main.Main CPU: 2.0
[12-19 08:21:06,623, 1289525] main.Main CPU: 0.43333333333333335
[12-19 08:21:10,240, 1293142] main.Main CPU: 0.7666666666666666
[12-19 08:21:13,821, 1296723] main.Main CPU: 0.5333333333333333
[12-19 08:21:17,475, 1300377] main.Main CPU: 1.4333333333333333
[12-19 08:21:21,111, 1304013] main.Main CPU: 0.8666666666666667
[12-19 08:21:24,704, 1307606] main.Main CPU: 0.6
[12-19 08:21:28,288, 1311190] main.Main CPU: 0.43333333333333335
[12-19 08:21:31,841, 1314743] main.Main CPU: 0.8333333333333334
[12-19 08:21:35,394, 1318296] main.Main CPU: 0.3666666666666667
[12-19 08:21:39,003, 1321905] main.Main CPU: 0.3
[12-19 08:21:42,571, 1325473] main.Main CPU: 0.26666666666666666
[12-19 08:21:46,140, 1329042] main.Main CPU: 0.3666666666666667
[12-19 08:21:49,720, 1332622] main.Main CPU: 0.6
[12-19 08:21:53,325, 1336227] main.Main CPU: 0.19999999999999998
[12-19 08:21:56,966, 1339868] main.Main CPU: 0.5
[12-19 08:22:00,593, 1343495] main.Main CPU: 1.5666666666666667
[12-19 08:22:04,194, 1347096] main.Main CPU: 0.43333333333333335
[12-19 08:22:07,794, 1350696] main.Main CPU: 0.26666666666666666
[12-19 08:22:11,449, 1354351] main.Main CPU: 0.6333333333333334
[12-19 08:22:15,087, 1357989] main.Main CPU: 0.5333333333333333
[12-19 08:22:18,698, 1361600] main.Main CPU: 1.0333333333333332
[12-19 08:22:22,370, 1365272] main.Main CPU: 4.466666666666667
[12-19 08:22:25,972, 1368874] main.Main CPU: 0.6
[12-19 08:22:29,620, 1372522] main.Main CPU: 0.8666666666666666
[12-19 08:22:33,237, 1376139] main.Main CPU: 0.7000000000000001
[12-19 08:22:36,815, 1379717] main.Main CPU: 0.43333333333333335
[12-19 08:22:40,431, 1383333] main.Main CPU: 0.6
[12-19 08:22:44,081, 1386983] main.Main CPU: 0.5
[12-19 08:22:47,688, 1390590] main.Main CPU: 0.39999999999999997
[12-19 08:22:51,310, 1394212] main.Main CPU: 1.3333333333333333
[12-19 08:22:54,909, 1397811] main.Main CPU: 0.43333333333333335
[12-19 08:22:58,473, 1401375] main.Main CPU: 0.6333333333333334
[12-19 08:23:02,142, 1405044] main.Main CPU: 1.0999999999999999
[12-19 08:23:05,787, 1408689] main.Main CPU: 0.43333333333333335
[12-19 08:23:09,378, 1412280] main.Main CPU: 0.6666666666666666
[12-19 08:23:13,005, 1415907] main.Main CPU: 0.9333333333333332
[12-19 08:23:16,644, 1419546] main.Main CPU: 0.5333333333333333
[12-19 08:23:20,279, 1423181] main.Main CPU: 3.1
[12-19 08:23:23,911, 1426813] main.Main CPU: 0.5666666666666667
[12-19 08:23:27,527, 1430429] main.Main CPU: 0.6333333333333334
[12-19 08:23:31,134, 1434036] main.Main CPU: 0.5333333333333333
[12-19 08:23:34,789, 1437691] main.Main CPU: 4.566666666666667
[12-19 08:23:38,388, 1441290] main.Main CPU: 4.266666666666667
[12-19 08:23:41,992, 1444894] main.Main CPU: 2.9666666666666663
[12-19 08:23:45,640, 1448542] main.Main CPU: 21.333333333333332
[12-19 08:23:49,244, 1452146] main.Main CPU: 3.766666666666667
[12-19 08:23:52,910, 1455812] main.Main CPU: 0.8333333333333334
[12-19 08:23:56,568, 1459470] main.Main CPU: 0.6666666666666666
[12-19 08:24:00,238, 1463140] main.Main CPU: 1.1333333333333335
[12-19 08:24:03,858, 1466760] main.Main CPU: 22.400000000000002
[12-19 08:24:07,446, 1470348] main.Main CPU: 22.366666666666664
[12-19 08:24:11,040, 1473942] main.Main CPU: 13.633333333333333
[12-19 08:24:14,695, 1477597] main.Main CPU: 7.466666666666666
[12-19 08:24:18,356, 1481258] main.Main CPU: 10.033333333333333
[12-19 08:24:21,968, 1484870] main.Main CPU: 16.7
[12-19 08:24:25,601, 1488503] main.Main CPU: 10.700000000000001
[12-19 08:24:29,164, 1492066] main.Main CPU: 10.166666666666666
[12-19 08:24:32,706, 1495608] main.Main CPU: 4.333333333333333
[12-19 08:24:36,270, 1499172] main.Main CPU: 11.733333333333334
[12-19 08:24:39,895, 1502797] main.Main CPU: 0.7666666666666667
[12-19 08:24:43,548, 1506450] main.Main CPU: 0.2333333333333333
[12-19 08:24:47,165, 1510067] main.Main CPU: 0.43333333333333335
[12-19 08:24:50,744, 1513646] main.Main CPU: 3.1
[12-19 08:24:54,321, 1517223] main.Main CPU: 3.0
[12-19 08:24:57,918, 1520820] main.Main CPU: 2.3666666666666667
[12-19 08:25:01,536, 1524438] main.Main CPU: 3.1666666666666665
[12-19 08:25:05,151, 1528053] main.Main CPU: 1.4000000000000001
[12-19 08:25:08,791, 1531693] main.Main CPU: 0.3
[12-19 08:25:12,468, 1535370] main.Main CPU: 0.6
[12-19 08:25:16,075, 1538977] main.Main CPU: 0.5333333333333333
[12-19 08:25:20,468, 1543370] main.Main CPU: 0.19999999999999998
[12-19 08:25:24,108, 1547010] main.Main CPU: 0.43333333333333335
[12-19 08:25:27,776, 1550678] main.Main CPU: 0.2333333333333333
[12-19 08:25:31,431, 1554333] main.Main CPU: 0.3333333333333333
[12-19 08:25:35,059, 1557961] main.Main CPU: 0.26666666666666666
[12-19 08:25:38,722, 1561624] main.Main CPU: 0.3333333333333333
[12-19 08:25:42,371, 1565273] main.Main CPU: 0.43333333333333335
[12-19 08:25:46,026, 1568928] main.Main CPU: 0.43333333333333335
[12-19 08:25:49,663, 1572565] main.Main CPU: 0.9333333333333332
[12-19 08:25:53,280, 1576182] main.Main CPU: 0.16666666666666666
[12-19 08:25:56,922, 1579824] main.Main CPU: 0.3666666666666667
[12-19 08:26:00,574, 1583476] main.Main CPU: 3.5
[12-19 08:26:04,226, 1587128] main.Main CPU: 3.1333333333333333
[12-19 08:26:07,833, 1590735] main.Main CPU: 1.2
[12-19 08:26:11,515, 1594417] main.Main CPU: 1.8666666666666665
[12-19 08:26:15,166, 1598068] main.Main CPU: 2.1
[12-19 08:26:18,807, 1601709] main.Main CPU: 1.6666666666666667
[12-19 08:26:22,461, 1605363] main.Main CPU: 1.5333333333333332
[12-19 08:26:26,113, 1609015] main.Main CPU: 2.1
[12-19 08:26:29,792, 1612694] main.Main CPU: 2.4
[12-19 08:26:33,454, 1616356] main.Main CPU: 1.9333333333333333
[12-19 08:26:37,110, 1620012] main.Main CPU: 2.033333333333333
[12-19 08:26:40,739, 1623641] main.Main CPU: 2.1
[12-19 08:26:44,369, 1627271] main.Main CPU: 1.9666666666666666
[12-19 08:26:48,016, 1630918] main.Main CPU: 1.3666666666666665
[12-19 08:26:51,664, 1634566] main.Main CPU: 2.6
[12-19 08:26:55,343, 1638245] main.Main CPU: 1.3333333333333333
[12-19 08:26:58,992, 1641894] main.Main CPU: 1.5999999999999999
[12-19 08:27:02,702, 1645604] main.Main CPU: 2.033333333333333
[12-19 08:27:06,382, 1649284] main.Main CPU: 1.4666666666666668
[12-19 08:27:10,038, 1652940] main.Main CPU: 1.2
[12-19 08:27:13,690, 1656592] main.Main CPU: 1.7
[12-19 08:27:17,362, 1660264] main.Main CPU: 1.5333333333333332
[12-19 08:27:20,985, 1663887] main.Main CPU: 2.033333333333333
[12-19 08:27:24,653, 1667555] main.Main CPU: 1.7666666666666666
[12-19 08:27:28,326, 1671228] main.Main CPU: 1.4333333333333333
[12-19 08:27:31,973, 1674875] main.Main CPU: 1.5
[12-19 08:27:35,565, 1678467] main.Main CPU: 0.8666666666666667
[12-19 08:27:39,180, 1682082] main.Main CPU: 0.9333333333333332
[12-19 08:27:42,744, 1685646] main.Main CPU: 0.9666666666666668
[12-19 08:27:46,353, 1689255] main.Main CPU: 1.7666666666666666
[12-19 08:27:50,012, 1692914] main.Main CPU: 1.2666666666666666
[12-19 08:27:53,626, 1696528] main.Main CPU: 1.3666666666666665
[12-19 08:27:57,224, 1700126] main.Main CPU: 1.0
[12-19 08:28:00,855, 1703757] main.Main CPU: 1.0
[12-19 08:28:04,484, 1707386] main.Main CPU: 1.0666666666666667
[12-19 08:28:08,136, 1711038] main.Main CPU: 1.0999999999999999
[12-19 08:28:11,766, 1714668] main.Main CPU: 1.0333333333333334
[12-19 08:28:15,431, 1718333] main.Main CPU: 2.0
[12-19 08:28:19,009, 1721911] main.Main CPU: 1.5333333333333332
[12-19 08:28:22,659, 1725561] main.Main CPU: 2.033333333333333
[12-19 08:28:26,289, 1729191] main.Main CPU: 1.6666666666666667
[12-19 08:28:29,927, 1732829] main.Main CPU: 1.9333333333333333
[12-19 08:28:33,515, 1736417] main.Main CPU: 1.2
[12-19 08:28:37,152, 1740054] main.Main CPU: 1.4333333333333333
[12-19 08:28:40,794, 1743696] main.Main CPU: 1.5999999999999999
[12-19 08:28:44,438, 1747340] main.Main CPU: 0.8333333333333334
[12-19 08:28:48,061, 1750963] main.Main CPU: 1.3333333333333333
[12-19 08:28:51,765, 1754667] main.Main CPU: 1.9333333333333333
[12-19 08:28:55,420, 1758322] main.Main CPU: 1.9333333333333333
[12-19 08:28:59,053, 1761955] main.Main CPU: 2.4666666666666663
[12-19 08:29:02,700, 1765602] main.Main CPU: 1.5999999999999999
[12-19 08:29:06,343, 1769245] main.Main CPU: 1.6666666666666667
[12-19 08:29:10,018, 1772920] main.Main CPU: 1.7999999999999998
[12-19 08:29:13,636, 1776538] main.Main CPU: 0.9333333333333332
[12-19 08:29:17,296, 1780198] main.Main CPU: 1.1666666666666667
[12-19 08:29:20,915, 1783817] main.Main CPU: 1.0999999999999999
[12-19 08:29:24,580, 1787482] main.Main CPU: 1.6666666666666667
[12-19 08:29:28,251, 1791153] main.Main CPU: 1.7
[12-19 08:29:31,875, 1794777] main.Main CPU: 1.6333333333333335
[12-19 08:29:35,564, 1798466] main.Main CPU: 1.6666666666666667
[12-19 08:29:39,127, 1802029] main.Main CPU: 4.266666666666667
[12-19 08:29:42,802, 1805704] main.Main CPU: 1.5999999999999999
[12-19 08:29:46,465, 1809367] main.Main CPU: 1.4333333333333333
[12-19 08:29:50,179, 1813081] main.Main CPU: 1.8666666666666665
[12-19 08:29:53,829, 1816731] main.Main CPU: 1.5333333333333332
[12-19 08:29:57,513, 1820415] main.Main CPU: 1.8
[12-19 08:30:01,149, 1824051] main.Main CPU: 2.1
[12-19 08:30:04,794, 1827696] main.Main CPU: 1.9333333333333333
[12-19 08:30:08,432, 1831334] main.Main CPU: 0.9333333333333332
[12-19 08:30:12,087, 1834989] main.Main CPU: 1.3333333333333333
[12-19 08:30:15,777, 1838679] main.Main CPU: 1.9333333333333333
[12-19 08:30:19,419, 1842321] main.Main CPU: 1.2666666666666666
[12-19 08:30:23,002, 1845904] main.Main CPU: 1.2666666666666666
[12-19 08:30:26,619, 1849521] main.Main CPU: 1.4333333333333333
[12-19 08:30:30,299, 1853201] main.Main CPU: 1.6333333333333335
[12-19 08:30:33,962, 1856864] main.Main CPU: 1.5999999999999999
[12-19 08:30:37,599, 1860501] main.Main CPU: 1.0333333333333332
[12-19 08:30:41,230, 1864132] main.Main CPU: 0.8333333333333334
[12-19 08:30:44,888, 1867790] main.Main CPU: 3.1999999999999997
[12-19 08:30:48,572, 1871474] main.Main CPU: 1.8333333333333333
[12-19 08:30:52,231, 1875133] main.Main CPU: 2.1999999999999997
[12-19 08:30:55,822, 1878724] main.Main CPU: 1.0333333333333334
[12-19 08:30:59,483, 1882385] main.Main CPU: 1.4333333333333333
[12-19 08:31:03,128, 1886030] main.Main CPU: 1.5999999999999999
[12-19 08:31:06,789, 1889691] main.Main CPU: 1.5333333333333332
[12-19 08:31:10,446, 1893348] main.Main CPU: 1.3333333333333333
[12-19 08:31:14,098, 1897000] main.Main CPU: 1.2
[12-19 08:31:17,799, 1900701] main.Main CPU: 1.8666666666666665
[12-19 08:31:21,423, 1904325] main.Main CPU: 1.1333333333333335
[12-19 08:31:25,034, 1907936] main.Main CPU: 1.7
[12-19 08:31:28,720, 1911622] main.Main CPU: 1.7666666666666666
[12-19 08:31:32,329, 1915231] main.Main CPU: 0.7000000000000001
[12-19 08:31:36,015, 1918917] main.Main CPU: 1.3333333333333333
[12-19 08:31:39,587, 1922489] main.Main CPU: 1.0
[12-19 08:31:43,215, 1926117] main.Main CPU: 1.0
[12-19 08:31:46,825, 1929727] main.Main CPU: 0.7666666666666666
[12-19 08:31:50,421, 1933323] main.Main CPU: 1.5666666666666667
[12-19 08:31:53,991, 1936893] main.Main CPU: 1.0999999999999999
[12-19 08:31:57,671, 1940573] main.Main CPU: 1.2666666666666666
[12-19 08:32:01,319, 1944221] main.Main CPU: 1.2666666666666666
[12-19 08:32:05,008, 1947910] main.Main CPU: 2.1
[12-19 08:32:08,661, 1951563] main.Main CPU: 3.0666666666666664
[12-19 08:32:12,340, 1955242] main.Main CPU: 1.9333333333333333
[12-19 08:32:15,997, 1958899] main.Main CPU: 1.9333333333333333
[12-19 08:32:19,655, 1962557] main.Main CPU: 1.8666666666666665
[12-19 08:32:23,325, 1966227] main.Main CPU: 1.2
[12-19 08:32:27,012, 1969914] main.Main CPU: 1.4333333333333333
[12-19 08:32:30,634, 1973536] main.Main CPU: 1.6666666666666667
[12-19 08:32:34,296, 1977198] main.Main CPU: 1.4333333333333333
[12-19 08:32:37,966, 1980868] main.Main CPU: 1.1666666666666667
[12-19 08:32:41,576, 1984478] main.Main CPU: 0.8333333333333334
[12-19 08:32:45,225, 1988127] main.Main CPU: 1.2
[12-19 08:32:48,854, 1991756] main.Main CPU: 1.0999999999999999
[12-19 08:32:52,467, 1995369] main.Main CPU: 1.3666666666666665
[12-19 08:32:56,089, 1998991] main.Main CPU: 3.1
[12-19 08:32:59,716, 2002618] main.Main CPU: 1.0333333333333334
[12-19 08:33:03,385, 2006287] main.Main CPU: 1.2
[12-19 08:33:07,074, 2009976] main.Main CPU: 1.4333333333333333
[12-19 08:33:10,700, 2013602] main.Main CPU: 1.0999999999999999
[12-19 08:33:14,354, 2017256] main.Main CPU: 1.4333333333333333
[12-19 08:33:18,032, 2020934] main.Main CPU: 1.5
[12-19 08:33:21,652, 2024554] main.Main CPU: 1.6666666666666667
[12-19 08:33:25,305, 2028207] main.Main CPU: 1.3333333333333333
[12-19 08:33:28,942, 2031844] main.Main CPU: 1.1666666666666667
[12-19 08:33:32,570, 2035472] main.Main CPU: 1.4333333333333333
[12-19 08:33:36,194, 2039096] main.Main CPU: 1.5999999999999999
[12-19 08:33:39,848, 2042750] main.Main CPU: 1.9666666666666666
[12-19 08:33:43,481, 2046383] main.Main CPU: 2.2666666666666666
[12-19 08:33:47,150, 2050052] main.Main CPU: 2.1999999999999997
[12-19 08:33:50,808, 2053710] main.Main CPU: 2.1
[12-19 08:33:54,481, 2057383] main.Main CPU: 2.1
[12-19 08:33:58,145, 2061047] main.Main CPU: 1.4333333333333333
[12-19 08:34:01,811, 2064713] main.Main CPU: 1.8666666666666665
[12-19 08:34:05,463, 2068365] main.Main CPU: 1.8333333333333333
[12-19 08:34:09,126, 2072028] main.Main CPU: 2.033333333333333
[12-19 08:34:12,800, 2075702] main.Main CPU: 1.5333333333333332
[12-19 08:34:16,463, 2079365] main.Main CPU: 1.2333333333333334
[12-19 08:34:20,134, 2083036] main.Main CPU: 1.7
[12-19 08:34:23,799, 2086701] main.Main CPU: 1.9333333333333333
[12-19 08:34:27,446, 2090348] main.Main CPU: 1.4333333333333333
[12-19 08:34:31,101, 2094003] main.Main CPU: 1.4666666666666668
[12-19 08:34:34,762, 2097664] main.Main CPU: 1.5999999999999999
[12-19 08:34:38,406, 2101308] main.Main CPU: 1.2
[12-19 08:34:42,054, 2104956] main.Main CPU: 1.0999999999999999
[12-19 08:34:45,722, 2108624] main.Main CPU: 1.2
[12-19 08:34:49,395, 2112297] main.Main CPU: 1.7666666666666666
[12-19 08:34:53,046, 2115948] main.Main CPU: 1.5333333333333332
[12-19 08:34:56,716, 2119618] main.Main CPU: 1.3333333333333333
[12-19 08:35:00,389, 2123291] main.Main CPU: 1.2
[12-19 08:35:04,085, 2126987] main.Main CPU: 3.8333333333333335
[12-19 08:35:07,782, 2130684] main.Main CPU: 6.133333333333333
[12-19 08:35:11,427, 2134329] main.Main CPU: 5.866666666666667
[12-19 08:35:15,031, 2137933] main.Main CPU: 12.833333333333334
[12-19 08:35:18,697, 2141599] main.Main CPU: 0.6
[12-19 08:35:22,367, 2145269] main.Main CPU: 0.7666666666666666
[12-19 08:35:26,037, 2148939] main.Main CPU: 0.3333333333333333
[12-19 08:35:29,691, 2152593] main.Main CPU: 0.3
[12-19 08:35:33,363, 2156265] main.Main CPU: 1.3333333333333333
[12-19 08:35:37,003, 2159905] main.Main CPU: 0.5333333333333333
[12-19 08:35:40,679, 2163581] main.Main CPU: 0.5333333333333333
[12-19 08:35:44,337, 2167239] main.Main CPU: 0.6
[12-19 08:35:48,000, 2170902] main.Main CPU: 0.43333333333333335
[12-19 08:35:51,658, 2174560] main.Main CPU: 0.9333333333333332
[12-19 08:35:55,334, 2178236] main.Main CPU: 0.6
[12-19 08:35:58,990, 2181892] main.Main CPU: 0.3666666666666667
[12-19 08:36:02,655, 2185557] main.Main CPU: 0.8666666666666667
[12-19 08:36:06,337, 2189239] main.Main CPU: 0.43333333333333335
[12-19 08:36:10,005, 2192907] main.Main CPU: 0.7000000000000001
[12-19 08:36:13,670, 2196572] main.Main CPU: 0.8000000000000002
[12-19 08:36:17,258, 2200160] main.Main CPU: 0.5
[12-19 11:45:59,865, 13582767] main.Main CPU: 5.8999999999999995
[12-19 11:46:03,402, 13586304] main.Main CPU: 0.7000000000000001
[12-19 11:46:06,929, 13589831] main.Main CPU: 0.09999999999999999
[12-19 11:46:10,452, 13593354] main.Main CPU: 1.0333333333333332
[12-19 11:46:13,977, 13596879] main.Main CPU: 0.26666666666666666
[12-19 11:46:17,503, 13600405] main.Main CPU: 0.19999999999999998
[12-19 11:46:21,029, 13603931] main.Main CPU: 0.3666666666666667
[12-19 11:46:24,552, 13607454] main.Main CPU: 0.09999999999999999
[12-19 11:46:28,076, 13610978] main.Main CPU: 0.16666666666666666
[12-19 11:46:31,603, 13614505] main.Main CPU: 0.19999999999999998
[12-19 11:46:35,129, 13618031] main.Main CPU: 0.26666666666666666
[12-19 11:46:38,654, 13621556] main.Main CPU: 0.0
[12-19 11:46:42,178, 13625080] main.Main CPU: 0.19999999999999998
[12-19 11:46:45,701, 13628603] main.Main CPU: 0.19999999999999998
[12-19 11:46:49,224, 13632126] main.Main CPU: 0.0
[12-19 11:46:52,753, 13635655] main.Main CPU: 0.09999999999999999
[12-19 11:46:56,279, 13639181] main.Main CPU: 0.09999999999999999
[12-19 11:46:59,805, 13642707] main.Main CPU: 0.09999999999999999
[12-19 11:47:03,328, 13646230] main.Main CPU: 0.6666666666666666
[12-19 11:47:06,852, 13649754] main.Main CPU: 0.09999999999999999
[12-19 11:47:10,377, 13653279] main.Main CPU: 0.0
[12-19 11:47:13,901, 13656803] main.Main CPU: 0.5666666666666667
[12-19 11:47:17,426, 13660328] main.Main CPU: 0.09999999999999999
[12-19 11:47:20,949, 13663851] main.Main CPU: 0.09999999999999999
[12-19 11:47:24,473, 13667375] main.Main CPU: 0.0
[12-19 11:47:28,001, 13670903] main.Main CPU: 0.43333333333333335
[12-19 11:47:31,651, 13674553] main.Main CPU: 1.2333333333333334
[12-19 11:47:35,286, 13678188] main.Main CPU: 0.3333333333333333
[12-19 11:47:38,949, 13681851] main.Main CPU: 0.20000000000000004
[12-19 11:47:42,620, 13685522] main.Main CPU: 0.6333333333333333
[12-19 11:47:46,283, 13689185] main.Main CPU: 0.6666666666666666
[12-19 11:47:49,945, 13692847] main.Main CPU: 0.4666666666666666
[12-19 11:47:53,604, 13696506] main.Main CPU: 0.5666666666666667
[12-19 11:47:57,278, 13700180] main.Main CPU: 0.5333333333333333
[12-19 11:48:00,918, 13703820] main.Main CPU: 0.4666666666666666
[12-19 11:48:04,590, 13707492] main.Main CPU: 0.5
[12-19 11:48:08,231, 13711133] main.Main CPU: 0.5666666666666667
[12-19 11:48:11,877, 13714779] main.Main CPU: 0.39999999999999997
[12-19 11:48:15,530, 13718432] main.Main CPU: 0.5666666666666667
[12-19 11:48:19,195, 13722097] main.Main CPU: 0.5666666666666667
[12-19 11:48:22,854, 13725756] main.Main CPU: 0.5
[12-19 11:48:26,509, 13729411] main.Main CPU: 0.43333333333333335
[12-19 11:48:30,188, 13733090] main.Main CPU: 1.6333333333333335
[12-19 11:48:33,852, 13736754] main.Main CPU: 0.39999999999999997
[12-19 11:48:37,509, 13740411] main.Main CPU: 0.39999999999999997
[12-19 11:48:41,180, 13744082] main.Main CPU: 0.5666666666666667
[12-19 11:48:44,841, 13747743] main.Main CPU: 0.4666666666666666
[12-19 11:48:48,507, 13751409] main.Main CPU: 1.9333333333333333
[12-19 11:48:52,147, 13755049] main.Main CPU: 0.6666666666666666
[12-19 11:48:55,814, 13758716] main.Main CPU: 0.39999999999999997
[12-19 11:48:59,442, 13762344] main.Main CPU: 0.5666666666666667
[12-19 11:49:03,105, 13766007] main.Main CPU: 0.5
[12-19 11:49:06,757, 13769659] main.Main CPU: 0.5
[12-19 11:49:10,422, 13773324] main.Main CPU: 0.2333333333333333
[12-19 11:49:14,065, 13776967] main.Main CPU: 0.39999999999999997
[12-19 11:49:17,730, 13780632] main.Main CPU: 0.3
[12-19 11:49:21,398, 13784300] main.Main CPU: 0.5
[12-19 11:49:25,067, 13787969] main.Main CPU: 0.39999999999999997
[12-19 11:49:28,699, 13791601] main.Main CPU: 0.39999999999999997
[12-19 11:49:32,336, 13795238] main.Main CPU: 0.5666666666666667
[12-19 11:49:35,972, 13798874] main.Main CPU: 0.39999999999999997
[12-19 11:49:39,630, 13802532] main.Main CPU: 0.6666666666666666
[12-19 11:49:43,286, 13806188] main.Main CPU: 0.7333333333333334
[12-19 11:49:46,945, 13809847] main.Main CPU: 0.5666666666666667
[12-19 11:49:50,596, 13813498] main.Main CPU: 0.6333333333333333
[12-19 11:49:54,248, 13817150] main.Main CPU: 0.6333333333333333
[12-19 11:49:57,910, 13820812] main.Main CPU: 0.7333333333333334
[12-19 11:50:01,569, 13824471] main.Main CPU: 0.5666666666666667
[12-19 11:50:05,218, 13828120] main.Main CPU: 0.3
[12-19 11:50:08,867, 13831769] main.Main CPU: 0.4666666666666666
[12-19 11:50:12,529, 13835431] main.Main CPU: 1.9000000000000001
[12-19 11:50:16,174, 13839076] main.Main CPU: 0.39999999999999997
[12-19 11:50:19,822, 13842724] main.Main CPU: 0.5
[12-19 11:50:23,473, 13846375] main.Main CPU: 0.3
[12-19 11:50:27,107, 13850009] main.Main CPU: 0.20000000000000004
[12-19 11:50:30,744, 13853646] main.Main CPU: 0.7333333333333334
[12-19 11:50:34,407, 13857309] main.Main CPU: 0.5666666666666667
[12-19 11:50:38,090, 13860992] main.Main CPU: 0.5666666666666667
[12-19 11:50:41,759, 13864661] main.Main CPU: 0.39999999999999997
[12-19 11:50:45,427, 13868329] main.Main CPU: 0.6333333333333333
[12-19 11:50:49,080, 13871982] main.Main CPU: 0.39999999999999997
[12-19 11:50:52,734, 13875636] main.Main CPU: 0.5666666666666667
[12-19 11:50:56,394, 13879296] main.Main CPU: 0.5
[12-19 11:51:00,048, 13882950] main.Main CPU: 0.3666666666666667
[12-19 11:51:03,683, 13886585] main.Main CPU: 0.2333333333333333
[12-19 11:51:07,333, 13890235] main.Main CPU: 0.3
[12-19 11:51:10,999, 13893901] main.Main CPU: 0.3
[12-19 11:51:14,662, 13897564] main.Main CPU: 0.4666666666666666
[12-19 11:51:18,327, 13901229] main.Main CPU: 0.6
[12-19 11:51:21,979, 13904881] main.Main CPU: 0.39999999999999997
[12-19 11:51:25,625, 13908527] main.Main CPU: 0.5666666666666667
[12-19 11:51:29,265, 13912167] main.Main CPU: 1.0
[12-19 11:51:32,930, 13915832] main.Main CPU: 0.5666666666666667
[12-19 11:51:36,590, 13919492] main.Main CPU: 0.39999999999999997
[12-19 11:51:40,254, 13923156] main.Main CPU: 0.6333333333333333
[12-19 11:51:43,908, 13926810] main.Main CPU: 0.7333333333333334
[12-19 11:51:47,562, 13930464] main.Main CPU: 0.4666666666666666
[12-19 11:51:51,214, 13934116] main.Main CPU: 0.5
[12-19 11:51:54,902, 13937804] main.Main CPU: 0.3
[12-19 11:51:58,545, 13941447] main.Main CPU: 0.43333333333333335
[12-19 11:52:02,215, 13945117] main.Main CPU: 0.4666666666666666
[12-19 11:52:05,890, 13948792] main.Main CPU: 0.5
[12-19 11:52:09,562, 13952464] main.Main CPU: 0.43333333333333335
[12-19 11:52:13,225, 13956127] main.Main CPU: 0.5
[12-19 11:52:16,881, 13959783] main.Main CPU: 0.5333333333333333
[12-19 11:52:20,543, 13963445] main.Main CPU: 0.4666666666666666
[12-19 11:52:24,206, 13967108] main.Main CPU: 0.6666666666666666
[12-19 11:52:27,880, 13970782] main.Main CPU: 0.7999999999999999
[12-19 11:52:31,520, 13974422] main.Main CPU: 0.3333333333333333
[12-19 11:52:35,191, 13978093] main.Main CPU: 0.3
[12-19 11:52:38,861, 13981763] main.Main CPU: 0.5
[12-19 11:52:42,526, 13985428] main.Main CPU: 0.6333333333333333
[12-19 11:52:46,165, 13989067] main.Main CPU: 0.6666666666666666
[12-19 11:52:49,832, 13992734] main.Main CPU: 0.5666666666666667
[12-19 11:52:53,479, 13996381] main.Main CPU: 0.7333333333333334
[12-19 11:52:57,149, 14000051] main.Main CPU: 1.3
[12-19 11:53:00,796, 14003698] main.Main CPU: 0.8333333333333334
[12-19 11:53:04,448, 14007350] main.Main CPU: 0.4666666666666666
[12-19 11:53:08,113, 14011015] main.Main CPU: 0.39999999999999997
[12-19 11:53:11,785, 14014687] main.Main CPU: 0.39999999999999997
[12-19 11:53:15,433, 14018335] main.Main CPU: 2.3333333333333335
[12-19 11:53:19,084, 14021986] main.Main CPU: 0.4666666666666666
[12-19 11:53:22,747, 14025649] main.Main CPU: 0.39999999999999997
[12-19 11:53:26,349, 14029251] main.Main CPU: 0.3333333333333333
[12-19 11:53:29,971, 14032873] main.Main CPU: 0.39999999999999997
[12-19 11:53:33,620, 14036522] main.Main CPU: 0.4666666666666666
[12-19 11:53:37,262, 14040164] main.Main CPU: 0.5
[12-19 11:53:40,864, 14043766] main.Main CPU: 0.6
[12-19 11:53:44,510, 14047412] main.Main CPU: 0.5666666666666667
[12-19 11:53:48,162, 14051064] main.Main CPU: 0.39999999999999997
[12-19 11:53:51,788, 14054690] main.Main CPU: 0.7333333333333334
[12-19 11:53:55,419, 14058321] main.Main CPU: 7.333333333333333
[12-19 11:53:59,076, 14061978] main.Main CPU: 1.8
[12-19 11:54:02,699, 14065601] main.Main CPU: 1.4333333333333333
[12-19 11:54:06,319, 14069221] main.Main CPU: 1.5999999999999999
[12-19 11:54:09,980, 14072882] main.Main CPU: 1.4333333333333333
[12-19 11:54:13,654, 14076556] main.Main CPU: 0.5333333333333333
[12-19 11:48:51,094, 13753996] main.Main CPU: 0.9333333333333332
[12-19 11:48:54,755, 13757657] main.Main CPU: 0.5
[12-19 11:48:58,417, 13761319] main.Main CPU: 0.5
[12-19 11:49:02,060, 13764962] main.Main CPU: 1.2333333333333334
[12-19 11:49:05,717, 13768619] main.Main CPU: 0.3
[12-19 11:49:09,382, 13772284] main.Main CPU: 0.5666666666666667
[12-19 11:49:13,044, 13775946] main.Main CPU: 0.39999999999999997
[12-19 11:49:16,708, 13779610] main.Main CPU: 0.3333333333333333
[12-19 11:49:20,388, 13783290] main.Main CPU: 0.6
[12-19 11:49:24,046, 13786948] main.Main CPU: 0.5
[12-19 11:49:27,719, 13790621] main.Main CPU: 0.4666666666666666
[12-19 11:49:31,375, 13794277] main.Main CPU: 0.39999999999999997
[12-19 11:49:35,007, 13797909] main.Main CPU: 0.5666666666666667
[12-19 11:49:38,656, 13801558] main.Main CPU: 0.39999999999999997
[12-19 11:49:42,310, 13805212] main.Main CPU: 0.3
[12-19 11:49:45,952, 13808854] main.Main CPU: 0.39999999999999997
[12-19 11:49:49,601, 13812503] main.Main CPU: 0.39999999999999997
[12-19 11:49:53,250, 13816152] main.Main CPU: 0.5666666666666667
[12-19 11:49:56,903, 13819805] main.Main CPU: 0.39999999999999997
[12-19 11:50:00,577, 13823479] main.Main CPU: 0.6999999999999998
[12-19 11:50:04,233, 13827135] main.Main CPU: 0.8000000000000002
[12-19 11:50:07,879, 13830781] main.Main CPU: 0.39999999999999997
[12-19 11:50:11,514, 13834416] main.Main CPU: 0.3333333333333333
[12-19 11:50:15,170, 13838072] main.Main CPU: 0.7999999999999999
[12-19 11:50:18,835, 13841737] main.Main CPU: 0.2333333333333333
[12-19 11:50:22,505, 13845407] main.Main CPU: 0.5666666666666667
[12-19 11:50:26,171, 13849073] main.Main CPU: 0.5
[12-19 11:50:29,809, 13852711] main.Main CPU: 0.6
[12-19 11:50:33,431, 13856333] main.Main CPU: 0.5666666666666667
[12-19 11:50:37,094, 13859996] main.Main CPU: 0.5666666666666667
[12-19 11:50:40,744, 13863646] main.Main CPU: 0.5
[12-19 11:50:44,395, 13867297] main.Main CPU: 0.6666666666666666
[12-19 11:50:48,051, 13870953] main.Main CPU: 0.5
[12-19 11:50:51,698, 13874600] main.Main CPU: 0.6333333333333333
[12-19 11:50:55,367, 13878269] main.Main CPU: 0.3
[12-19 11:50:59,033, 13881935] main.Main CPU: 0.3
[12-19 11:51:02,710, 13885612] main.Main CPU: 1.2333333333333334
[12-19 11:51:06,350, 13889252] main.Main CPU: 0.7666666666666666
[12-19 11:51:10,013, 13892915] main.Main CPU: 0.36666666666666664
[12-19 11:51:13,675, 13896577] main.Main CPU: 0.5666666666666667
[12-19 11:51:17,333, 13900235] main.Main CPU: 0.7999999999999999
[12-19 11:51:20,978, 13903880] main.Main CPU: 0.7333333333333334
[12-19 11:51:24,644, 13907546] main.Main CPU: 0.4666666666666666
[12-19 11:51:28,296, 13911198] main.Main CPU: 0.7999999999999999
[12-19 11:51:31,936, 13914838] main.Main CPU: 0.6
[12-19 11:51:35,606, 13918508] main.Main CPU: 0.39999999999999997
[12-19 11:51:39,271, 13922173] main.Main CPU: 0.5
[12-19 11:51:42,920, 13925822] main.Main CPU: 0.5
[12-19 11:51:46,564, 13929466] main.Main CPU: 0.39999999999999997
[12-19 11:51:50,160, 13933062] main.Main CPU: 0.3333333333333333
[12-19 11:51:53,803, 13936705] main.Main CPU: 0.6
[12-19 11:51:57,467, 13940369] main.Main CPU: 0.4666666666666666
[12-19 11:52:01,127, 13944029] main.Main CPU: 0.4666666666666666
[12-19 11:52:04,765, 13947667] main.Main CPU: 1.0666666666666667
[12-19 11:52:08,418, 13951320] main.Main CPU: 0.5
[12-19 11:52:12,051, 13954953] main.Main CPU: 0.39999999999999997
[12-19 11:52:15,723, 13958625] main.Main CPU: 0.6666666666666666
[12-19 11:52:19,391, 13962293] main.Main CPU: 0.4666666666666666
[12-19 11:52:23,029, 13965931] main.Main CPU: 1.4000000000000001
[12-19 11:52:26,673, 13969575] main.Main CPU: 0.4666666666666666
[12-19 11:52:30,343, 13973245] main.Main CPU: 0.5333333333333333
[12-19 11:52:33,977, 13976879] main.Main CPU: 0.8333333333333334
[12-19 11:52:37,625, 13980527] main.Main CPU: 0.3333333333333333
                                                                                                                                                                                     