[12-20 11:49:52,536, 4145] main.Main CPU: 12.233333333333334
[12-20 11:49:56,054, 7663] main.Main CPU: 2.033333333333333
[12-20 11:49:59,567, 11176] main.Main CPU: 13.899999999999999
[12-20 11:50:03,085, 14694] main.Main CPU: 4.633333333333334
[12-20 11:50:06,599, 18208] main.Main CPU: 3.8333333333333335
[12-20 11:50:10,110, 21719] main.Main CPU: 0.26666666666666666
[12-20 11:50:13,623, 25232] main.Main CPU: 0.7999999999999999
[12-20 11:50:17,137, 28746] main.Main CPU: 0.26666666666666666
[12-20 11:50:20,648, 32257] main.Main CPU: 0.26666666666666666
[12-20 11:50:24,162, 35771] main.Main CPU: 0.26666666666666666
[12-20 11:50:27,674, 39283] main.Main CPU: 0.26666666666666666
[12-20 11:50:31,185, 42794] main.Main CPU: 3.6666666666666665
[12-20 11:50:34,697, 46306] main.Main CPU: 0.5333333333333333
[12-20 11:50:38,207, 49816] main.Main CPU: 0.3666666666666667
[12-20 11:50:41,720, 53329] main.Main CPU: 0.19999999999999998
[12-20 11:50:45,232, 56841] main.Main CPU: 0.19999999999999998
[12-20 11:50:48,745, 60354] main.Main CPU: 2.4
[12-20 11:50:52,259, 63868] main.Main CPU: 0.7666666666666666
[12-20 11:50:55,771, 67380] main.Main CPU: 0.5333333333333333
[12-20 11:50:59,291, 70900] main.Main CPU: 11.9
[12-20 11:51:02,813, 74422] main.Main CPU: 15.866666666666667
[12-20 11:51:06,325, 77934] main.Main CPU: 7.5
[12-20 11:51:09,840, 81449] main.Main CPU: 8.733333333333333
[12-20 11:51:13,356, 84965] main.Main CPU: 8.166666666666666
[12-20 11:51:16,870, 88479] main.Main CPU: 6.7
[12-20 11:51:20,386, 91995] main.Main CPU: 7.533333333333334
[12-20 11:51:23,902, 95511] main.Main CPU: 4.8999999999999995
[12-20 11:51:27,420, 99029] main.Main CPU: 10.9
[12-20 11:51:30,933, 102542] main.Main CPU: 3.633333333333333
[12-20 11:51:34,446, 106055] main.Main CPU: 2.533333333333333
[12-20 11:51:37,967, 109576] main.Main CPU: 0.3666666666666667
[12-20 11:51:41,482, 113091] main.Main CPU: 0.6
[12-20 11:51:44,995, 116604] main.Main CPU: 11.466666666666667
[12-20 11:51:48,510, 120119] main.Main CPU: 3.3666666666666667
[12-20 11:51:52,024, 123633] main.Main CPU: 4.3999999999999995
[12-20 11:51:55,543, 127152] main.Main CPU: 6.733333333333333
[12-20 11:51:59,052, 130661] main.Main CPU: 5.5
[12-20 11:52:02,564, 134173] main.Main CPU: 2.2666666666666666
[12-20 11:52:06,078, 137687] main.Main CPU: 0.5
[12-20 11:52:09,590, 141199] main.Main CPU: 2.1999999999999997
[12-20 11:52:13,103, 144712] main.Main CPU: 0.26666666666666666
[12-20 11:52:16,619, 148228] main.Main CPU: 0.3
[12-20 11:52:20,133, 151742] main.Main CPU: 0.9333333333333332
[12-20 11:52:23,645, 155254] main.Main CPU: 0.09999999999999999
[12-20 11:52:27,157, 158766] main.Main CPU: 0.3
[12-20 11:52:30,667, 162276] main.Main CPU: 0.3
[12-20 11:52:34,177, 165786] main.Main CPU: 0.3666666666666667
[12-20 11:52:37,687, 169296] main.Main CPU: 0.26666666666666666
[12-20 11:52:41,195, 172804] main.Main CPU: 1.0999999999999999
[12-20 11:52:44,704, 176313] main.Main CPU: 3.3000000000000003
[12-20 11:52:48,216, 179825] main.Main CPU: 0.7666666666666666
[12-20 11:52:51,730, 183339] main.Main CPU: 0.7666666666666666
[12-20 11:52:55,241, 186850] main.Main CPU: 0.6333333333333334
[12-20 11:52:58,750, 190359] main.Main CPU: 0.3333333333333333
[12-20 11:53:02,267, 193876] main.Main CPU: 0.43333333333333335
[12-20 11:53:05,777, 197386] main.Main CPU: 0.26666666666666666
[12-20 11:53:09,285, 200894] main.Main CPU: 0.16666666666666666
[12-20 11:53:12,799, 204408] main.Main CPU: 0.3666666666666667
[12-20 11:53:16,312, 207921] main.Main CPU: 1.2
[12-20 11:53:19,827, 211436] main.Main CPU: 6.533333333333334
[12-20 11:53:23,337, 214946] main.Main CPU: 0.09999999999999999
[12-20 11:53:26,252, 217861] mysql.MySqlConnect com.mysql.jdbc.exceptions.jdbc4.MySQLIntegrityConstraintViolationException: Duplicate entry 'example2@mail.ru' for key 'email'
[12-20 11:53:26,810, 218419] mysql.MySqlConnect query:
select distinct p.author_id from post p join users u on p.author_id = u.id where p.forum_id = 1 and p.author_id > 2 order by u.name asc limit 2;
[12-20 11:53:26,810, 218419] mysql.MySqlConnect java.sql.SQLException: Expression #1 of ORDER BY clause is not in SELECT list, references column 'SMDB.u.name' which is not in SELECT list; this is incompatible with DISTINCT
[12-20 11:53:26,815, 218424] mysql.MySqlConnect query:
select distinct author_id from post p where forum_id = 2 order by name desc ;
[12-20 11:53:26,815, 218424] mysql.MySqlConnect java.sql.SQLException: Expression #1 of ORDER BY clause is not in SELECT list, references column 'SMDB.p.name' which is not in SELECT list; this is incompatible with DISTINCT
[12-20 11:53:26,887, 218496] main.Main CPU: 18.400000000000002
[12-20 11:53:30,404, 222013] main.Main CPU: 1.0999999999999999
[12-20 11:53:33,913, 225522] main.Main CPU: 5.599999999999999
[12-20 11:53:37,422, 229031] main.Main CPU: 0.46666666666666673
[12-20 11:53:40,932, 232541] main.Main CPU: 0.6
[12-20 11:53:44,442, 236051] main.Main CPU: 0.26666666666666666
[12-20 11:53:47,953, 239562] main.Main CPU: 1.5666666666666667
[12-20 11:53:51,468, 243077] main.Main CPU: 2.1999999999999997
[12-20 11:53:54,980, 246589] main.Main CPU: 0.7666666666666666
[12-20 11:53:58,496, 250105] main.Main CPU: 2.8666666666666667
[12-20 11:54:02,013, 253622] main.Main CPU: 0.3
[12-20 11:54:05,524, 257133] main.Main CPU: 4.133333333333334
[12-20 11:54:09,035, 260644] main.Main CPU: 0.5333333333333333
[12-20 11:54:12,545, 264154] main.Main CPU: 2.9333333333333336
[12-20 11:54:16,055, 267664] main.Main CPU: 0.0
[12-20 11:54:19,569, 271178] main.Main CPU: 1.8666666666666665
[12-20 11:54:23,081, 274690] main.Main CPU: 0.43333333333333335
[12-20 11:54:26,591, 278200] main.Main CPU: 0.6
[12-20 11:54:30,102, 281711] main.Main CPU: 0.09999999999999999
[12-20 11:54:33,619, 285228] main.Main CPU: 3.466666666666667
[12-20 11:54:37,137, 288746] main.Main CPU: 1.3666666666666665
[12-20 11:54:40,646, 292255] main.Main CPU: 0.5
[12-20 11:54:44,157, 295766] main.Main CPU: 0.16666666666666666
[12-20 11:54:47,671, 299280] main.Main CPU: 0.8666666666666667
[12-20 11:54:51,184, 302793] main.Main CPU: 0.43333333333333335
[12-20 11:54:54,697, 306306] main.Main CPU: 0.09999999999999999
[12-20 11:54:58,206, 309815] main.Main CPU: 0.26666666666666666
[12-20 11:55:01,716, 313325] main.Main CPU: 0.3
[12-20 11:55:05,227, 316836] main.Main CPU: 0.9333333333333332
[12-20 11:55:08,740, 320349] main.Main CPU: 0.7666666666666666
[12-20 11:55:12,248, 323857] main.Main CPU: 0.16666666666666666
[12-20 11:55:15,764, 327373] main.Main CPU: 0.5333333333333333
[12-20 11:55:19,275, 330884] main.Main CPU: 0.4666666666666666
[12-20 11:55:22,787, 334396] main.Main CPU: 0.43333333333333335
[12-20 11:55:26,301, 337910] main.Main CPU: 0.43333333333333335
[12-20 11:55:29,814, 341423] main.Main CPU: 5.8999999999999995
[12-20 11:55:33,331, 344940] main.Main CPU: 3.8000000000000003
[12-20 11:55:36,856, 348465] main.Main CPU: 16.733333333333334
[12-20 11:55:40,386, 351995] main.Main CPU: 8.966666666666667
[12-20 11:55:43,907, 355516] main.Main CPU: 0.9333333333333332
[12-20 11:55:47,424, 359033] main.Main CPU: 1.1333333333333335
[12-20 11:55:50,934, 362543] main.Main CPU: 0.7666666666666666
[12-20 11:55:54,458, 366067] main.Main CPU: 4.666666666666667
[12-20 11:55:57,975, 369584] main.Main CPU: 3.4000000000000004
[12-20 11:56:01,488, 373097] main.Main CPU: 0.09999999999999999
[12-20 11:56:05,001, 376610] main.Main CPU: 1.4666666666666668
[12-20 11:56:08,515, 380124] main.Main CPU: 0.09999999999999999
[12-20 11:56:12,039, 383648] main.Main CPU: 0.09999999999999999
[12-20 11:56:15,553, 387162] main.Main CPU: 0.19999999999999998
[12-20 11:56:19,070, 390679] main.Main CPU: 1.3
[12-20 11:56:22,585, 394194] main.Main CPU: 0.7999999999999999
[12-20 11:56:26,099, 397708] main.Main CPU: 0.8666666666666667
[12-20 11:56:29,616, 401225] main.Main CPU: 2.1999999999999997
[12-20 11:56:33,128, 404737] main.Main CPU: 0.8666666666666666
[12-20 11:56:36,638, 408247] main.Main CPU: 0.19999999999999998
[12-20 11:56:40,148, 411757] main.Main CPU: 0.19999999999999998
[12-20 11:56:43,661, 415270] main.Main CPU: 0.26666666666666666
[12-20 11:56:47,174, 418783] main.Main CPU: 0.26666666666666666
[12-20 11:56:50,694, 422303] main.Main CPU: 1.5666666666666667
[12-20 11:56:54,209, 425818] main.Main CPU: 1.0333333333333332
[12-20 11:56:57,723, 429332] main.Main CPU: 0.5
[12-20 11:57:01,233, 432842] main.Main CPU: 0.3666666666666667
[12-20 11:57:04,747, 436356] main.Main CPU: 2.9333333333333336
[12-20 11:57:08,261, 439870] main.Main CPU: 0.09999999999999999
[12-20 11:57:11,774, 443383] main.Main CPU: 0.09999999999999999
[12-20 11:57:15,287, 446896] main.Main CPU: 0.3666666666666667
[12-20 11:57:18,798, 450407] main.Main CPU: 0.19999999999999998
[12-20 11:57:22,323, 453932] main.Main CPU: 0.3
[12-20 11:57:25,838, 457447] main.Main CPU: 0.26666666666666666
[12-20 11:57:29,353, 460962] main.Main CPU: 2.733333333333333
[12-20 11:57:32,869, 464478] main.Main CPU: 1.8
[12-20 11:57:36,384, 467993] main.Main CPU: 1.4666666666666666
[12-20 11:57:39,900, 471509] main.Main CPU: 2.3000000000000003
[12-20 11:57:43,419, 475028] main.Main CPU: 1.5666666666666667
[12-20 11:57:46,937, 478546] main.Main CPU: 0.9666666666666667
[12-20 11:57:50,449, 482058] main.Main CPU: 1.4333333333333333
[12-20 11:57:53,967, 485576] main.Main CPU: 1.8666666666666665
[12-20 11:57:57,482, 489091] main.Main CPU: 6.466666666666668
[12-20 11:58:00,997, 492606] main.Main CPU: 3.566666666666667
[12-20 11:58:04,511, 496120] main.Main CPU: 0.3
[12-20 11:58:08,026, 499635] main.Main CPU: 0.5333333333333333
[12-20 11:58:11,549, 503158] main.Main CPU: 0.43333333333333335
[12-20 11:58:15,064, 506673] main.Main CPU: 0.3
[12-20 11:58:18,577, 510186] main.Main CPU: 1.9333333333333333
[12-20 11:58:22,086, 513695] main.Main CPU: 0.3666666666666667
[12-20 11:58:25,603, 517212] main.Main CPU: 0.9333333333333332
[12-20 11:58:29,118, 520727] main.Main CPU: 0.5333333333333333
[12-20 11:58:32,630, 524239] main.Main CPU: 0.09999999999999999
[12-20 11:58:36,145, 527754] main.Main CPU: 1.0
[12-20 11:58:39,670, 531279] main.Main CPU: 0.5
[12-20 11:58:43,184, 534793] main.Main CPU: 0.3666666666666667
[12-20 11:58:46,699, 538308] main.Main CPU: 0.3666666666666667
[12-20 11:58:50,214, 541823] main.Main CPU: 0.3666666666666667
[12-20 11:58:53,728, 545337] main.Main CPU: 0.26666666666666666
[12-20 11:58:57,246, 548855] main.Main CPU: 0.5333333333333333
[12-20 11:59:00,760, 552369] main.Main CPU: 0.43333333333333335
[12-20 11:59:04,273, 555882] main.Main CPU: 0.19999999999999998
[12-20 11:59:07,790, 559399] main.Main CPU: 0.46666666666666673
[12-20 11:59:11,308, 562917] main.Main CPU: 0.7666666666666666
[12-20 11:59:14,821, 566430] main.Main CPU: 0.5333333333333333
[12-20 11:59:18,334, 569943] main.Main CPU: 0.6
[12-20 11:59:21,848, 573457] main.Main CPU: 1.2
[12-20 11:59:25,362, 576971] main.Main CPU: 0.16666666666666666
[12-20 11:59:28,873, 580482] main.Main CPU: 0.43333333333333335
[12-20 11:59:32,386, 583995] main.Main CPU: 2.6
[12-20 11:59:35,902, 587511] main.Main CPU: 0.43333333333333335
[12-20 11:59:39,424, 591033] main.Main CPU: 0.43333333333333335
[12-20 11:59:42,938, 594547] main.Main CPU: 0.2333333333333333
[12-20 11:59:46,454, 598063] main.Main CPU: 0.3666666666666667
[12-20 11:59:49,972, 601581] main.Main CPU: 0.19999999999999998
[12-20 11:59:53,493, 605102] main.Main CPU: 0.3333333333333333
[12-20 11:59:57,012, 608621] main.Main CPU: 0.26666666666666666
[12-20 12:00:00,536, 612145] main.Main CPU: 0.9666666666666667
[12-20 12:00:04,054, 615663] main.Main CPU: 0.3666666666666667
[12-20 12:00:07,570, 619179] main.Main CPU: 0.5333333333333333
[12-20 12:00:11,081, 622690] main.Main CPU: 1.2999999999999998
[12-20 12:00:14,592, 626201] main.Main CPU: 0.26666666666666666
[12-20 12:00:18,107, 629716] main.Main CPU: 0.3333333333333333
[12-20 12:00:21,618, 633227] main.Main CPU: 0.0
[12-20 12:00:25,129, 636738] main.Main CPU: 0.26666666666666666
[12-20 12:00:28,641, 640250] main.Main CPU: 0.3666666666666667
[12-20 12:00:32,156, 643765] main.Main CPU: 0.3666666666666667
[12-20 12:00:35,670, 647279] main.Main CPU: 0.3666666666666667
[12-20 12:00:39,183, 650792] main.Main CPU: 0.43333333333333335
[12-20 12:00:42,698, 654307] main.Main CPU: 0.26666666666666666
[12-20 12:00:46,212, 657821] main.Main CPU: 0.19999999999999998
[12-20 12:00:49,730, 661339] main.Main CPU: 8.766666666666666
