[12-20 11:37:27,099, 4151] main.Main CPU: 10.633333333333335
[12-20 11:37:30,612, 7664] main.Main CPU: 0.19999999999999998
[12-20 11:37:34,026, 11078] mysql.MySqlConnect com.mysql.jdbc.exceptions.jdbc4.MySQLIntegrityConstraintViolationException: Duplicate entry 'example3@mail.ru' for key 'email'
[12-20 11:37:34,131, 11183] main.Main CPU: 22.866666666666664
[12-20 11:37:34,616, 11668] mysql.MySqlConnect query:
select distinct p.author_id from post p join users u on p.author_id = u.id where p.forum_id = 1 and p.author_id > 2 order by u.name asc limit 2;
[12-20 11:37:34,616, 11668] mysql.MySqlConnect java.sql.SQLException: Expression #1 of ORDER BY clause is not in SELECT list, references column 'SMDB.u.name' which is not in SELECT list; this is incompatible with DISTINCT
[12-20 11:37:34,621, 11673] mysql.MySqlConnect query:
select distinct author_id from post p where forum_id = 2 order by name desc ;
[12-20 11:37:34,621, 11673] mysql.MySqlConnect java.sql.SQLException: Expression #1 of ORDER BY clause is not in SELECT list, references column 'SMDB.p.name' which is not in SELECT list; this is incompatible with DISTINCT
[12-20 11:37:37,645, 14697] main.Main CPU: 3.066666666666667
[12-20 11:37:41,158, 18210] main.Main CPU: 2.2333333333333334
[12-20 11:37:44,674, 21726] main.Main CPU: 5.733333333333333
[12-20 11:37:48,195, 25247] main.Main CPU: 9.166666666666666
[12-20 11:37:51,710, 28762] main.Main CPU: 3.966666666666667
[12-20 11:37:55,222, 32274] main.Main CPU: 0.19999999999999998
[12-20 11:37:58,736, 35788] main.Main CPU: 7.2
[12-20 11:38:02,249, 39301] main.Main CPU: 1.133333333333333
[12-20 11:38:05,763, 42815] main.Main CPU: 0.19999999999999998
[12-20 11:38:09,277, 46329] main.Main CPU: 1.0999999999999999
[12-20 11:38:12,790, 49842] main.Main CPU: 7.733333333333333
[12-20 11:38:16,304, 53356] main.Main CPU: 2.6
[12-20 11:38:19,820, 56872] main.Main CPU: 0.43333333333333335
[12-20 11:38:23,330, 60382] main.Main CPU: 0.3
[12-20 11:38:26,842, 63894] main.Main CPU: 0.5333333333333333
[12-20 11:38:30,354, 67406] main.Main CPU: 0.7000000000000001
[12-20 11:38:33,871, 70923] main.Main CPU: 0.3
[12-20 11:38:37,386, 74438] main.Main CPU: 0.9333333333333332
[12-20 11:38:40,897, 77949] main.Main CPU: 0.6333333333333334
[12-20 11:38:44,410, 81462] main.Main CPU: 1.5333333333333332
[12-20 11:38:47,927, 84979] main.Main CPU: 0.7666666666666666
[12-20 11:38:51,440, 88492] main.Main CPU: 0.6
[12-20 11:38:54,952, 92004] main.Main CPU: 0.43333333333333335
[12-20 11:38:58,479, 95531] main.Main CPU: 0.3666666666666667
[12-20 11:39:01,993, 99045] main.Main CPU: 0.3333333333333333
[12-20 11:39:05,506, 102558] main.Main CPU: 0.7000000000000001
[12-20 11:39:09,019, 106071] main.Main CPU: 0.26666666666666666
[12-20 11:39:12,538, 109590] main.Main CPU: 0.5333333333333333
[12-20 11:39:16,051, 113103] main.Main CPU: 0.5
[12-20 11:39:19,563, 116615] main.Main CPU: 0.43333333333333335
[12-20 11:39:23,077, 120129] main.Main CPU: 0.6666666666666666
[12-20 11:39:26,606, 123658] main.Main CPU: 0.26666666666666666
[12-20 11:39:30,121, 127173] main.Main CPU: 0.19999999999999998
[12-20 11:39:33,633, 130685] main.Main CPU: 0.09999999999999999
[12-20 11:39:37,153, 134205] main.Main CPU: 0.19999999999999998
[12-20 11:39:40,666, 137718] main.Main CPU: 0.09999999999999999
[12-20 11:39:44,182, 141234] main.Main CPU: 0.3666666666666667
[12-20 11:39:47,696, 144748] main.Main CPU: 7.5
[12-20 11:39:51,208, 148260] main.Main CPU: 16.4
[12-20 11:39:54,720, 151772] main.Main CPU: 2.533333333333333
[12-20 11:39:58,235, 155287] main.Main CPU: 19.3
[12-20 11:40:01,749, 158801] main.Main CPU: 1.133333333333333
[12-20 11:40:05,260, 162312] main.Main CPU: 1.0999999999999999
[12-20 11:40:08,769, 165821] main.Main CPU: 1.4333333333333333
[12-20 11:40:12,287, 169339] main.Main CPU: 11.6
[12-20 11:40:15,800, 172852] main.Main CPU: 0.26666666666666666
[12-20 11:40:19,312, 176364] main.Main CPU: 0.43333333333333335
[12-20 11:40:22,828, 179880] main.Main CPU: 0.26666666666666666
[12-20 11:40:26,342, 183394] main.Main CPU: 0.19999999999999998
[12-20 11:40:29,852, 186904] main.Main CPU: 0.19999999999999998
[12-20 11:40:33,369, 190421] main.Main CPU: 0.26666666666666666
[12-20 11:40:36,884, 193936] main.Main CPU: 0.09999999999999999
[12-20 11:40:40,398, 197450] main.Main CPU: 0.5
[12-20 11:40:43,911, 200963] main.Main CPU: 4.566666666666666
[12-20 11:40:47,426, 204478] main.Main CPU: 21.3
