[12-19 07:33:39,071, 4295] main.Main CPU: 10.466666666666667
[12-19 07:33:42,595, 7819] main.Main CPU: 1.2
[12-19 07:33:46,121, 11345] main.Main CPU: 2.8333333333333335
[12-19 07:33:49,659, 14883] main.Main CPU: 8.533333333333333
[12-19 07:33:53,214, 18438] main.Main CPU: 2.2333333333333334
[12-19 07:33:56,766, 21990] main.Main CPU: 1.2
[12-19 07:34:00,317, 25541] main.Main CPU: 1.3666666666666665
[12-19 07:34:03,861, 29085] main.Main CPU: 1.0333333333333332
[12-19 07:34:07,409, 32633] main.Main CPU: 3.0333333333333337
[12-19 07:34:10,952, 36176] main.Main CPU: 3.733333333333333
[12-19 07:34:14,515, 39739] main.Main CPU: 1.4666666666666668
[12-19 07:34:18,068, 43292] main.Main CPU: 1.6333333333333335
[12-19 07:34:21,626, 46850] main.Main CPU: 1.8666666666666665
[12-19 07:34:25,172, 50396] main.Main CPU: 1.5666666666666667
[12-19 07:34:28,706, 53930] main.Main CPU: 6.166666666666667
[12-19 07:34:32,248, 57472] main.Main CPU: 2.0
[12-19 07:34:35,766, 60990] main.Main CPU: 1.6333333333333335
[12-19 07:34:39,288, 64512] main.Main CPU: 4.0
[12-19 07:34:42,814, 68038] main.Main CPU: 1.4333333333333333
[12-19 07:34:46,341, 71565] main.Main CPU: 11.133333333333333
[12-19 07:34:49,864, 75088] main.Main CPU: 1.4000000000000001
[12-19 07:34:53,396, 78620] main.Main CPU: 1.9333333333333333
[12-19 07:34:56,922, 82146] main.Main CPU: 1.5333333333333332
[12-19 07:35:00,451, 85675] main.Main CPU: 3.066666666666667
[12-19 07:35:03,979, 89203] main.Main CPU: 6.8999999999999995
[12-19 07:35:07,504, 92728] main.Main CPU: 0.9333333333333332
[12-19 07:35:11,059, 96283] main.Main CPU: 15.733333333333333
[12-19 07:35:14,597, 99821] main.Main CPU: 0.8000000000000002
[12-19 07:35:18,115, 103339] main.Main CPU: 1.0999999999999999
[12-19 07:35:21,652, 106876] main.Main CPU: 7.966666666666666
[12-19 07:35:25,180, 110404] main.Main CPU: 0.6666666666666666
[12-19 07:35:28,701, 113925] main.Main CPU: 1.2
[12-19 07:35:32,224, 117448] main.Main CPU: 1.3666666666666665
[12-19 07:35:35,743, 120967] main.Main CPU: 0.9333333333333332
[12-19 07:35:39,261, 124485] main.Main CPU: 1.0333333333333332
[12-19 07:35:42,779, 128003] main.Main CPU: 1.0333333333333332
[12-19 07:35:46,302, 131526] main.Main CPU: 13.466666666666667
[12-19 07:35:49,821, 135045] main.Main CPU: 4.2
[12-19 07:35:53,341, 138565] main.Main CPU: 0.7000000000000001
[12-19 07:35:56,863, 142087] main.Main CPU: 1.4333333333333333
[12-19 07:36:00,384, 145608] main.Main CPU: 14.6
[12-19 07:36:03,943, 149167] main.Main CPU: 7.666666666666668
[12-19 07:36:07,522, 152746] main.Main CPU: 2.1
[12-19 07:36:11,064, 156288] main.Main CPU: 1.5333333333333332
[12-19 07:36:14,606, 159830] main.Main CPU: 1.2999999999999998
[12-19 07:36:18,138, 163362] main.Main CPU: 1.5333333333333332
[12-19 07:36:21,667, 166891] main.Main CPU: 6.7
[12-19 07:36:25,200, 170424] main.Main CPU: 1.3666666666666665
[12-19 07:36:28,741, 173965] main.Main CPU: 17.999999999999996
[12-19 07:36:32,293, 177517] main.Main CPU: 1.3
[12-19 07:36:35,832, 181056] main.Main CPU: 2.066666666666667
[12-19 07:36:39,363, 184587] main.Main CPU: 1.2
[12-19 07:36:42,897, 188121] main.Main CPU: 1.0999999999999999
[12-19 07:36:46,441, 191665] main.Main CPU: 2.1999999999999997
[12-19 07:36:49,978, 195202] main.Main CPU: 3.766666666666667
[12-19 07:36:53,503, 198727] main.Main CPU: 3.1333333333333333
[12-19 07:36:57,024, 202248] main.Main CPU: 2.0
[12-19 07:37:00,547, 205771] main.Main CPU: 1.6333333333333335
[12-19 07:37:04,077, 209301] main.Main CPU: 1.2666666666666666
[12-19 07:37:07,599, 212823] main.Main CPU: 1.3
[12-19 07:37:11,123, 216347] main.Main CPU: 1.3
[12-19 07:37:14,647, 219871] main.Main CPU: 1.4666666666666668
[12-19 07:37:18,170, 223394] main.Main CPU: 1.0999999999999999
[12-19 07:37:21,694, 226918] main.Main CPU: 2.6
[12-19 07:37:25,223, 230447] main.Main CPU: 1.9666666666666668
[12-19 07:37:28,753, 233977] main.Main CPU: 2.0666666666666664
[12-19 07:37:32,277, 237501] main.Main CPU: 2.8000000000000003
[12-19 07:37:35,796, 241020] main.Main CPU: 1.0999999999999999
[12-19 07:37:39,320, 244544] main.Main CPU: 1.9666666666666668
[12-19 07:37:42,850, 248074] main.Main CPU: 1.5666666666666667
[12-19 07:37:46,374, 251598] main.Main CPU: 1.3
[12-19 07:37:49,899, 255123] main.Main CPU: 1.6333333333333335
[12-19 07:37:53,423, 258647] main.Main CPU: 1.0999999999999999
[12-19 07:37:56,942, 262166] main.Main CPU: 1.2
[12-19 07:38:00,461, 265685] main.Main CPU: 1.3666666666666665
[12-19 07:38:03,987, 269211] main.Main CPU: 1.7333333333333334
[12-19 07:38:07,501, 272725] main.Main CPU: 1.0333333333333332
[12-19 07:38:11,022, 276246] main.Main CPU: 1.0666666666666667
[12-19 07:38:14,542, 279766] main.Main CPU: 0.8333333333333334
[12-19 07:38:18,061, 283285] main.Main CPU: 0.8666666666666667
[12-19 07:38:21,584, 286808] main.Main CPU: 1.4666666666666668
[12-19 07:38:25,109, 290333] main.Main CPU: 1.3
[12-19 07:38:28,627, 293851] main.Main CPU: 1.1333333333333335
[12-19 07:38:32,150, 297374] main.Main CPU: 1.2
[12-19 07:38:35,669, 300893] main.Main CPU: 1.2
[12-19 07:38:39,194, 304418] main.Main CPU: 2.533333333333333
[12-19 07:38:42,714, 307938] main.Main CPU: 1.2666666666666666
[12-19 07:38:46,238, 311462] main.Main CPU: 1.2
[12-19 07:38:49,756, 314980] main.Main CPU: 1.2
[12-19 07:38:53,278, 318502] main.Main CPU: 3.1999999999999997
[12-19 07:38:56,795, 322019] main.Main CPU: 1.3
[12-19 07:39:00,316, 325540] main.Main CPU: 1.4000000000000001
[12-19 07:39:03,842, 329066] main.Main CPU: 0.8666666666666667
[12-19 07:39:07,371, 332595] main.Main CPU: 0.7000000000000001
[12-19 07:39:11,558, 336782] main.Main CPU: 0.5333333333333333
[12-19 07:39:15,081, 340305] main.Main CPU: 0.6
[12-19 07:39:18,600, 343824] main.Main CPU: 0.6666666666666666
[12-19 07:39:22,131, 347355] main.Main CPU: 0.6666666666666666
[12-19 07:39:25,666, 350890] main.Main CPU: 0.8333333333333334
[12-19 07:39:29,183, 354407] main.Main CPU: 0.9666666666666668
[12-19 07:39:32,717, 357941] main.Main CPU: 1.3
[12-19 07:39:36,301, 361525] main.Main CPU: 3.2000000000000006
[12-19 07:39:39,832, 365056] main.Main CPU: 2.5
[12-19 07:39:43,368, 368592] main.Main CPU: 5.066666666666666
[12-19 07:39:46,904, 372128] main.Main CPU: 2.533333333333333
[12-19 07:39:50,448, 375672] main.Main CPU: 1.7333333333333334
[12-19 07:39:54,000, 379224] main.Main CPU: 1.4666666666666668
[12-19 07:39:57,523, 382747] main.Main CPU: 1.0999999999999999
[12-19 07:40:01,046, 386270] main.Main CPU: 2.5666666666666664
[12-19 07:40:04,575, 389799] main.Main CPU: 3.0
[12-19 07:40:08,100, 393324] main.Main CPU: 1.8333333333333333
[12-19 07:40:11,630, 396854] main.Main CPU: 2.0666666666666664
[12-19 07:40:15,152, 400376] main.Main CPU: 1.3
[12-19 07:40:18,670, 403894] main.Main CPU: 1.7
[12-19 07:40:22,193, 407417] main.Main CPU: 2.0
[12-19 07:40:25,712, 410936] main.Main CPU: 1.6666666666666667
[12-19 07:40:29,233, 414457] main.Main CPU: 0.9333333333333332
[12-19 07:40:32,756, 417980] main.Main CPU: 1.5333333333333332
[12-19 07:40:36,285, 421509] main.Main CPU: 2.0
[12-19 07:40:39,815, 425039] main.Main CPU: 2.433333333333333
[12-19 07:40:43,350, 428574] main.Main CPU: 3.1666666666666665
[12-19 07:40:46,885, 432109] main.Main CPU: 3.4
[12-19 07:40:50,408, 435632] main.Main CPU: 2.066666666666667
[12-19 07:40:53,935, 439159] main.Main CPU: 0.9333333333333332
[12-19 07:40:57,467, 442691] main.Main CPU: 1.7999999999999998
[12-19 07:41:00,991, 446215] main.Main CPU: 1.6333333333333335
[12-19 07:41:04,529, 449753] main.Main CPU: 1.3
[12-19 07:41:08,060, 453284] main.Main CPU: 1.5333333333333332
[12-19 07:41:11,590, 456814] main.Main CPU: 5.366666666666667
[12-19 07:41:15,112, 460336] main.Main CPU: 1.0333333333333334
[12-19 07:41:18,629, 463853] main.Main CPU: 2.766666666666667
[12-19 07:41:22,160, 467384] main.Main CPU: 4.333333333333333
[12-19 07:41:25,695, 470919] main.Main CPU: 4.3999999999999995
[12-19 07:41:29,234, 474458] main.Main CPU: 2.0
[12-19 07:41:32,770, 477994] main.Main CPU: 0.7666666666666666
[12-19 07:41:36,300, 481524] main.Main CPU: 0.7000000000000001
[12-19 07:41:39,848, 485072] main.Main CPU: 1.2
[12-19 07:41:43,363, 488587] main.Main CPU: 0.6666666666666666
[12-19 07:41:46,890, 492114] main.Main CPU: 0.9666666666666668
[12-19 07:41:50,409, 495633] main.Main CPU: 3.9333333333333336
[12-19 07:41:53,960, 499184] main.Main CPU: 1.633333333333333
[12-19 07:41:57,491, 502715] main.Main CPU: 1.0333333333333334
[12-19 07:42:01,016, 506240] main.Main CPU: 0.8666666666666667
[12-19 07:42:04,539, 509763] main.Main CPU: 1.1666666666666667
[12-19 07:42:08,055, 513279] main.Main CPU: 1.4000000000000001
[12-19 07:42:11,578, 516802] main.Main CPU: 0.43333333333333335
[12-19 07:42:15,095, 520319] main.Main CPU: 1.0999999999999999
[12-19 07:42:18,620, 523844] main.Main CPU: 0.7666666666666666
[12-19 07:42:22,141, 527365] main.Main CPU: 0.6
[12-19 07:42:25,659, 530883] main.Main CPU: 1.4333333333333333
[12-19 07:42:29,182, 534406] main.Main CPU: 3.5666666666666664
[12-19 07:42:32,713, 537937] main.Main CPU: 5.466666666666666
[12-19 07:42:36,241, 541465] main.Main CPU: 1.2
[12-19 07:42:39,764, 544988] main.Main CPU: 0.9666666666666668
[12-19 07:42:43,302, 548526] main.Main CPU: 2.8333333333333335
[12-19 07:42:46,864, 552088] main.Main CPU: 0.9666666666666668
[12-19 07:42:50,381, 555605] main.Main CPU: 0.46666666666666673
[12-19 07:42:53,911, 559135] main.Main CPU: 0.6
[12-19 07:42:57,440, 562664] main.Main CPU: 1.8333333333333333
[12-19 07:43:00,991, 566215] main.Main CPU: 0.6333333333333334
[12-19 07:43:04,517, 569741] main.Main CPU: 1.5666666666666667
[12-19 07:43:08,044, 573268] main.Main CPU: 0.7666666666666666
[12-19 07:43:11,582, 576806] main.Main CPU: 1.3666666666666665
[12-19 07:43:15,116, 580340] main.Main CPU: 1.0
[12-19 07:43:18,647, 583871] main.Main CPU: 1.5333333333333332
[12-19 07:43:22,206, 587430] main.Main CPU: 1.9333333333333333
[12-19 07:43:25,748, 590972] main.Main CPU: 1.4666666666666668
[12-19 07:43:29,281, 594505] main.Main CPU: 0.9333333333333332
[12-19 07:43:32,851, 598075] main.Main CPU: 0.9333333333333332
[12-19 07:43:36,388, 601612] main.Main CPU: 4.166666666666667
[12-19 07:43:39,922, 605146] main.Main CPU: 1.4666666666666666
[12-19 07:43:43,488, 608712] main.Main CPU: 1.5333333333333332
[12-19 07:43:47,071, 612295] main.Main CPU: 0.7000000000000001
[12-19 07:43:50,651, 615875] main.Main CPU: 1.633333333333333
[12-19 07:43:54,185, 619409] main.Main CPU: 1.2
[12-19 07:43:57,708, 622932] main.Main CPU: 1.0999999999999999
[12-19 07:44:01,236, 626460] main.Main CPU: 0.8666666666666667
[12-19 07:44:04,769, 629993] main.Main CPU: 0.6666666666666666
[12-19 07:44:08,290, 633514] main.Main CPU: 0.6666666666666666
[12-19 07:44:11,812, 637036] main.Main CPU: 0.5333333333333333
[12-19 07:44:15,340, 640564] main.Main CPU: 1.1333333333333335
[12-19 07:44:18,869, 644093] main.Main CPU: 1.4333333333333333
[12-19 07:44:22,392, 647616] main.Main CPU: 1.5666666666666667
[12-19 07:44:25,961, 651185] main.Main CPU: 2.3666666666666667
[12-19 07:44:29,488, 654712] main.Main CPU: 1.4666666666666666
[12-19 07:44:33,008, 658232] main.Main CPU: 1.0333333333333334
[12-19 07:44:36,540, 661764] main.Main CPU: 1.7
[12-19 07:44:40,096, 665320] main.Main CPU: 3.1
[12-19 07:44:43,637, 668861] main.Main CPU: 1.4000000000000001
[12-19 07:44:47,200, 672424] main.Main CPU: 2.266666666666667
[12-19 07:44:50,752, 675976] main.Main CPU: 1.0333333333333332
[12-19 07:44:54,318, 679542] main.Main CPU: 1.4333333333333333
[12-19 07:44:57,898, 683122] main.Main CPU: 1.1666666666666667
[12-19 07:45:01,448, 686672] main.Main CPU: 0.8666666666666667
[12-19 07:45:04,988, 690212] main.Main CPU: 1.2
[12-19 07:45:08,514, 693738] main.Main CPU: 0.8333333333333334
[12-19 07:45:12,069, 697293] main.Main CPU: 1.1666666666666667
[12-19 07:45:15,608, 700832] main.Main CPU: 0.6
[12-19 07:45:19,129, 704353] main.Main CPU: 0.7666666666666666
[12-19 07:45:22,658, 707882] main.Main CPU: 0.43333333333333335
[12-19 07:45:26,183, 711407] main.Main CPU: 0.7000000000000001
[12-19 07:45:29,704, 714928] main.Main CPU: 0.8000000000000002
[12-19 07:45:33,246, 718470] main.Main CPU: 1.8666666666666665
[12-19 07:45:36,767, 721991] main.Main CPU: 1.4000000000000001
[12-19 07:45:40,306, 725530] main.Main CPU: 1.3
[12-19 07:45:43,873, 729097] main.Main CPU: 4.366666666666666
[12-19 07:45:47,392, 732616] main.Main CPU: 3.0
[12-19 07:45:50,929, 736153] main.Main CPU: 4.266666666666667
[12-19 07:45:54,460, 739684] main.Main CPU: 3.1666666666666665
[12-19 07:45:57,986, 743210] main.Main CPU: 2.766666666666667
[12-19 07:46:01,505, 746729] main.Main CPU: 3.4333333333333336
[12-19 07:46:05,035, 750259] main.Main CPU: 3.766666666666667
[12-19 07:46:08,561, 753785] main.Main CPU: 3.6666666666666665
[12-19 07:46:12,085, 757309] main.Main CPU: 3.6666666666666665
[12-19 07:46:15,609, 760833] main.Main CPU: 3.4
[12-19 07:46:19,136, 764360] main.Main CPU: 2.533333333333333
[12-19 07:46:22,662, 767886] main.Main CPU: 6.833333333333333
[12-19 07:46:26,192, 771416] main.Main CPU: 2.066666666666667
[12-19 07:46:29,723, 774947] main.Main CPU: 2.0
[12-19 07:46:33,252, 778476] main.Main CPU: 2.1666666666666665
[12-19 07:46:36,775, 781999] main.Main CPU: 0.7666666666666666
[12-19 07:46:40,309, 785533] main.Main CPU: 2.8333333333333335
[12-19 07:46:43,830, 789054] main.Main CPU: 3.4
[12-19 07:46:47,346, 792570] main.Main CPU: 1.5999999999999999
[12-19 07:46:50,879, 796103] main.Main CPU: 1.3666666666666665
[12-19 07:46:54,417, 799641] main.Main CPU: 0.6
[12-19 07:46:57,950, 803174] main.Main CPU: 1.1333333333333333
[12-19 07:47:01,472, 806696] main.Main CPU: 1.5999999999999999
[12-19 07:47:04,994, 810218] main.Main CPU: 1.0333333333333334
[12-19 07:47:08,510, 813734] main.Main CPU: 1.2
[12-19 07:47:12,034, 817258] main.Main CPU: 18.366666666666667
[12-19 07:47:15,568, 820792] main.Main CPU: 7.433333333333334
[12-19 07:47:19,125, 824349] main.Main CPU: 2.2333333333333334
[12-19 07:47:22,687, 827911] main.Main CPU: 0.7666666666666666
[12-19 07:47:26,242, 831466] main.Main CPU: 1.7
[12-19 07:47:29,767, 834991] main.Main CPU: 1.0
[12-19 07:47:33,285, 838509] main.Main CPU: 1.8999999999999997
[12-19 07:47:36,815, 842039] main.Main CPU: 2.1333333333333333
[12-19 07:47:40,333, 845557] main.Main CPU: 3.1666666666666665
[12-19 07:47:43,857, 849081] main.Main CPU: 1.3666666666666665
[12-19 07:47:47,388, 852612] main.Main CPU: 0.6
[12-19 07:47:50,912, 856136] main.Main CPU: 0.9666666666666668
[12-19 07:47:54,438, 859662] main.Main CPU: 0.5
[12-19 07:47:57,968, 863192] main.Main CPU: 1.0999999999999999
[12-19 07:48:01,509, 866733] main.Main CPU: 1.5999999999999999
[12-19 07:48:05,034, 870258] main.Main CPU: 1.2
[12-19 07:48:08,561, 873785] main.Main CPU: 0.6333333333333334
[12-19 07:48:12,094, 877318] main.Main CPU: 0.8333333333333334
[12-19 07:48:15,617, 880841] main.Main CPU: 1.0333333333333332
[12-19 07:48:19,146, 884370] main.Main CPU: 0.7000000000000001
[12-19 07:48:22,667, 887891] main.Main CPU: 0.5333333333333333
[12-19 07:48:26,201, 891425] main.Main CPU: 0.5333333333333333
[12-19 07:48:29,717, 894941] main.Main CPU: 0.8000000000000002
[12-19 07:48:33,235, 898459] main.Main CPU: 1.4333333333333333
[12-19 07:48:36,781, 902005] main.Main CPU: 1.7666666666666666
[12-19 07:48:40,323, 905547] main.Main CPU: 1.7333333333333334
[12-19 07:48:43,896, 909120] main.Main CPU: 1.3333333333333333
[12-19 07:48:47,444, 912668] main.Main CPU: 1.5333333333333332
[12-19 07:48:50,992, 916216] main.Main CPU: 5.766666666666667
[12-19 07:48:54,529, 919753] main.Main CPU: 4.366666666666666
[12-19 07:48:58,079, 923303] main.Main CPU: 3.1
[12-19 07:49:01,622, 926846] main.Main CPU: 4.7
[12-19 07:49:05,182, 930406] main.Main CPU: 1.4000000000000001
[12-19 07:49:08,710, 933934] main.Main CPU: 1.0999999999999999
[12-19 07:49:12,241, 937465] main.Main CPU: 2.6666666666666665
[12-19 07:49:15,764, 940988] main.Main CPU: 1.5333333333333332
[12-19 07:49:19,284, 944508] main.Main CPU: 1.0999999999999999
[12-19 07:49:22,800, 948024] main.Main CPU: 4.466666666666667
[12-19 07:49:26,332, 951556] main.Main CPU: 2.966666666666667
[12-19 07:49:29,862, 955086] main.Main CPU: 7.199999999999999
[12-19 07:49:33,405, 958629] main.Main CPU: 3.8333333333333335
[12-19 07:49:36,940, 962164] main.Main CPU: 4.266666666666667
[12-19 07:49:40,465, 965689] main.Main CPU: 2.0
[12-19 07:49:44,010, 969234] main.Main CPU: 2.7999999999999994
[12-19 07:49:47,563, 972787] main.Main CPU: 2.2333333333333334
[12-19 07:49:51,085, 976309] main.Main CPU: 4.1000000000000005
[12-19 07:49:54,612, 979836] main.Main CPU: 6.366666666666667
[12-19 07:49:58,146, 983370] main.Main CPU: 1.3666666666666665
[12-19 07:50:01,676, 986900] main.Main CPU: 2.9
[12-19 07:50:05,204, 990428] main.Main CPU: 1.7333333333333334
[12-19 07:50:08,736, 993960] main.Main CPU: 2.1999999999999997
[12-19 07:50:12,291, 997515] main.Main CPU: 1.1666666666666667
[12-19 07:50:15,807, 1001031] main.Main CPU: 1.7999999999999998
[12-19 07:50:19,326, 1004550] main.Main CPU: 1.3666666666666665
[12-19 07:50:22,852, 1008076] main.Main CPU: 3.3000000000000003
[12-19 07:50:26,384, 1011608] main.Main CPU: 3.966666666666667
[12-19 07:50:29,902, 1015126] main.Main CPU: 0.9333333333333332
[12-19 07:50:33,423, 1018647] main.Main CPU: 0.8666666666666667
[12-19 07:50:36,949, 1022173] main.Main CPU: 4.333333333333333
[12-19 07:50:40,475, 1025699] main.Main CPU: 1.3666666666666665
[12-19 07:50:44,029, 1029253] main.Main CPU: 0.8666666666666667
[12-19 07:50:47,550, 1032774] main.Main CPU: 0.9333333333333332
[12-19 07:50:51,070, 1036294] main.Main CPU: 1.7333333333333332
[12-19 07:50:54,591, 1039815] main.Main CPU: 1.2
[12-19 07:50:58,136, 1043360] main.Main CPU: 4.7
[12-19 07:51:01,665, 1046889] main.Main CPU: 0.6
[12-19 07:51:05,189, 1050413] main.Main CPU: 1.5666666666666667
[12-19 07:51:08,714, 1053938] main.Main CPU: 0.9333333333333332
[12-19 07:51:12,236, 1057460] main.Main CPU: 1.0999999999999999
[12-19 07:51:15,764, 1060988] main.Main CPU: 1.6333333333333335
[12-19 07:51:19,305, 1064529] main.Main CPU: 0.8333333333333334
[12-19 07:51:22,840, 1068064] main.Main CPU: 2.4666666666666663
[12-19 07:51:26,360, 1071584] main.Main CPU: 4.133333333333333
[12-19 07:51:29,893, 1075117] main.Main CPU: 1.1333333333333335
[12-19 07:51:33,420, 1078644] main.Main CPU: 0.8666666666666667
[12-19 07:51:36,952, 1082176] main.Main CPU: 0.8333333333333334
[12-19 07:51:40,477, 1085701] main.Main CPU: 0.6
[12-19 07:51:44,019, 1089243] main.Main CPU: 1.7999999999999998
[12-19 07:51:47,539, 1092763] main.Main CPU: 3.1
[12-19 07:51:51,060, 1096284] main.Main CPU: 2.1999999999999997
[12-19 07:51:54,578, 1099802] main.Main CPU: 2.3000000000000003
[12-19 07:51:58,103, 1103327] main.Main CPU: 1.2333333333333334
[12-19 07:52:01,629, 1106853] main.Main CPU: 0.8666666666666667
[12-19 07:52:05,161, 1110385] main.Main CPU: 1.2
[12-19 07:52:08,682, 1113906] main.Main CPU: 1.7999999999999998
[12-19 07:52:12,276, 1117500] main.Main CPU: 0.9333333333333332
[12-19 07:52:15,807, 1121031] main.Main CPU: 1.4333333333333333
[12-19 07:52:19,327, 1124551] main.Main CPU: 1.0999999999999999
[12-19 07:52:22,844, 1128068] main.Main CPU: 0.9333333333333332
[12-19 07:52:26,360, 1131584] main.Main CPU: 1.0999999999999999
[12-19 07:52:29,910, 1135134] main.Main CPU: 16.833333333333332
[12-19 07:52:33,435, 1138659] main.Main CPU: 4.766666666666667
[12-19 07:52:36,989, 1142213] main.Main CPU: 2.466666666666667
[12-19 07:52:40,526, 1145750] main.Main CPU: 5.933333333333333
[12-19 07:52:44,046, 1149270] main.Main CPU: 1.7
[12-19 07:52:47,580, 1152804] main.Main CPU: 2.1
[12-19 07:52:51,112, 1156336] main.Main CPU: 1.3
[12-19 07:52:54,648, 1159872] main.Main CPU: 1.6333333333333335
[12-19 07:52:58,174, 1163398] main.Main CPU: 4.866666666666666
[12-19 07:53:01,708, 1166932] main.Main CPU: 1.4333333333333333
[12-19 07:53:05,226, 1170450] main.Main CPU: 1.3666666666666665
[12-19 07:53:08,759, 1173983] main.Main CPU: 3.9333333333333336
[12-19 07:53:12,279, 1177503] main.Main CPU: 2.266666666666667
[12-19 07:53:15,806, 1181030] main.Main CPU: 4.0
[12-19 07:53:19,339, 1184563] main.Main CPU: 4.3999999999999995
[12-19 07:53:22,865, 1188089] main.Main CPU: 1.9000000000000001
[12-19 07:53:26,380, 1191604] main.Main CPU: 4.033333333333334
[12-19 07:53:29,909, 1195133] main.Main CPU: 0.8000000000000002
[12-19 07:53:33,446, 1198670] main.Main CPU: 3.566666666666667
[12-19 07:53:36,980, 1202204] main.Main CPU: 4.2
[12-19 07:53:40,507, 1205731] main.Main CPU: 1.8
[12-19 07:53:44,039, 1209263] main.Main CPU: 2.866666666666667
[12-19 07:53:47,568, 1212792] main.Main CPU: 1.6333333333333335
[12-19 07:53:51,091, 1216315] main.Main CPU: 1.5333333333333332
[12-19 07:53:54,609, 1219833] main.Main CPU: 1.9000000000000001
[12-19 07:53:58,131, 1223355] main.Main CPU: 1.4333333333333333
[12-19 07:54:01,650, 1226874] main.Main CPU: 6.266666666666667
[12-19 07:54:05,175, 1230399] main.Main CPU: 2.066666666666667
[12-19 07:54:08,703, 1233927] main.Main CPU: 5.766666666666667
[12-19 07:54:12,231, 1237455] main.Main CPU: 2.8333333333333335
[12-19 07:54:15,768, 1240992] main.Main CPU: 2.8666666666666667
[12-19 07:54:19,288, 1244512] main.Main CPU: 3.1333333333333333
[12-19 07:54:21,772, 1246996] mysql.MySqlConnect com.mysql.jdbc.exceptions.jdbc4.MySQLIntegrityConstraintViolationException: Duplicate entry 'richard.nixon@example.com' for key 'email'
[12-19 07:54:22,181, 1247405] mysql.MySqlConnect com.mysql.jdbc.exceptions.jdbc4.MySQLIntegrityConstraintViolationException: Duplicate entry '4-3' for key 'PRIMARY'
[12-19 07:54:22,492, 1247716] mysql.MySqlConnect query:
select distinct p.author_id from post p join users u on p.author_id = u.id where p.forum_id = 1 and p.author_id > 2 order by u.name asc limit 2;
[12-19 07:54:22,492, 1247716] mysql.MySqlConnect java.sql.SQLException: Expression #1 of ORDER BY clause is not in SELECT list, references column 'SMDB.u.name' which is not in SELECT list; this is incompatible with DISTINCT
[12-19 07:54:22,498, 1247722] mysql.MySqlConnect query:
select distinct author_id from post p where forum_id = 2 order by name desc ;
[12-19 07:54:22,498, 1247722] mysql.MySqlConnect java.sql.SQLException: Expression #1 of ORDER BY clause is not in SELECT list, references column 'SMDB.p.name' which is not in SELECT list; this is incompatible with DISTINCT
[12-19 07:54:22,825, 1248049] main.Main CPU: 29.833333333333332
[12-19 07:54:26,350, 1251574] main.Main CPU: 1.3
[12-19 07:54:29,890, 1255114] main.Main CPU: 0.9333333333333332
[12-19 07:54:33,424, 1258648] main.Main CPU: 1.2666666666666666
[12-19 07:54:36,962, 1262186] main.Main CPU: 0.8666666666666667
[12-19 07:54:40,489, 1265713] main.Main CPU: 0.5333333333333333
[12-19 07:54:44,010, 1269234] main.Main CPU: 0.6
[12-19 07:54:47,544, 1272768] main.Main CPU: 0.7000000000000001
[12-19 07:54:51,065, 1276289] main.Main CPU: 0.5333333333333333
[12-19 07:54:53,644, 1278868] mysql.MySqlConnect com.mysql.jdbc.exceptions.jdbc4.MySQLIntegrityConstraintViolationException: Duplicate entry 'richard.nixon@example.com' for key 'email'
[12-19 07:54:54,009, 1279233] mysql.MySqlConnect com.mysql.jdbc.exceptions.jdbc4.MySQLIntegrityConstraintViolationException: Duplicate entry '10-7' for key 'PRIMARY'
[12-19 07:54:54,334, 1279558] mysql.MySqlConnect query:
select distinct p.author_id from post p join users u on p.author_id = u.id where p.forum_id = 5 and p.author_id > 2 order by u.name asc limit 2;
[12-19 07:54:54,334, 1279558] mysql.MySqlConnect java.sql.SQLException: Expression #1 of ORDER BY clause is not in SELECT list, references column 'SMDB.u.name' which is not in SELECT list; this is incompatible with DISTINCT
[12-19 07:54:54,339, 1279563] mysql.MySqlConnect query:
select distinct author_id from post p where forum_id = 6 order by name desc ;
[12-19 07:54:54,339, 1279563] mysql.MySqlConnect java.sql.SQLException: Expression #1 of ORDER BY clause is not in SELECT list, references column 'SMDB.p.name' which is not in SELECT list; this is incompatible with DISTINCT
[12-19 07:54:54,589, 1279813] main.Main CPU: 14.933333333333332
[12-19 07:54:57,478, 1282702] mysql.MySqlConnect com.mysql.jdbc.exceptions.jdbc4.MySQLIntegrityConstraintViolationException: Duplicate entry 'example@mail.ru' for key 'email'
[12-19 07:54:58,122, 1283346] main.Main CPU: 15.299999999999999
[12-19 07:54:58,186, 1283410] mysql.MySqlConnect query:
select distinct p.author_id from post p join users u on p.author_id = u.id where p.forum_id = 9 and p.author_id > 2 order by u.name asc limit 2;
[12-19 07:54:58,186, 1283410] mysql.MySqlConnect java.sql.SQLException: Expression #1 of ORDER BY clause is not in SELECT list, references column 'SMDB.u.name' which is not in SELECT list; this is incompatible with DISTINCT
[12-19 07:54:58,190, 1283414] mysql.MySqlConnect query:
select distinct author_id from post p where forum_id = 10 order by name desc ;
[12-19 07:54:58,190, 1283414] mysql.MySqlConnect java.sql.SQLException: Expression #1 of ORDER BY clause is not in SELECT list, references column 'SMDB.p.name' which is not in SELECT list; this is incompatible with DISTINCT
[12-19 07:55:00,760, 1285984] mysql.MySqlConnect com.mysql.jdbc.exceptions.jdbc4.MySQLIntegrityConstraintViolationException: Duplicate entry 'example4@mail.ru' for key 'email'
[12-19 07:55:01,057, 1286281] mysql.MySqlConnect com.mysql.jdbc.exceptions.jdbc4.MySQLIntegrityConstraintViolationException: Duplicate entry '19-16' for key 'PRIMARY'
[12-19 07:55:01,322, 1286546] mysql.MySqlConnect query:
select distinct p.author_id from post p join users u on p.author_id = u.id where p.forum_id = 13 and p.author_id > 2 order by u.name asc limit 2;
[12-19 07:55:01,322, 1286546] mysql.MySqlConnect java.sql.SQLException: Expression #1 of ORDER BY clause is not in SELECT list, references column 'SMDB.u.name' which is not in SELECT list; this is incompatible with DISTINCT
[12-19 07:55:01,329, 1286553] mysql.MySqlConnect query:
select distinct author_id from post p where forum_id = 14 order by name desc ;
[12-19 07:55:01,329, 1286553] mysql.MySqlConnect java.sql.SQLException: Expression #1 of ORDER BY clause is not in SELECT list, references column 'SMDB.p.name' which is not in SELECT list; this is incompatible with DISTINCT
[12-19 07:55:01,660, 1286884] main.Main CPU: 12.5
[12-19 07:55:05,177, 1290401] main.Main CPU: 1.3666666666666665
[12-19 07:55:08,707, 1293931] main.Main CPU: 0.8333333333333334
[12-19 07:55:12,236, 1297460] main.Main CPU: 1.3
[12-19 07:55:15,760, 1300984] main.Main CPU: 1.9333333333333333
[12-19 07:55:19,285, 1304509] main.Main CPU: 2.1666666666666665
[12-19 07:55:22,811, 1308035] main.Main CPU: 2.8666666666666667
[12-19 07:55:26,342, 1311566] main.Main CPU: 3.8333333333333335
[12-19 07:55:29,864, 1315088] main.Main CPU: 5.2
[12-19 07:55:30,940, 1316164] mysql.MySqlConnect com.mysql.jdbc.exceptions.jdbc4.MySQLIntegrityConstraintViolationException: Duplicate entry 'example2@mail.ru' for key 'email'
[12-19 07:55:31,544, 1316768] mysql.MySqlConnect query:
select distinct p.author_id from post p join users u on p.author_id = u.id where p.forum_id = 17 and p.author_id > 2 order by u.name asc limit 2;
[12-19 07:55:31,544, 1316768] mysql.MySqlConnect java.sql.SQLException: Expression #1 of ORDER BY clause is not in SELECT list, references column 'SMDB.u.name' which is not in SELECT list; this is incompatible with DISTINCT
[12-19 07:55:31,549, 1316773] mysql.MySqlConnect query:
select distinct author_id from post p where forum_id = 18 order by name desc ;
[12-19 07:55:31,549, 1316773] mysql.MySqlConnect java.sql.SQLException: Expression #1 of ORDER BY clause is not in SELECT list, references column 'SMDB.p.name' which is not in SELECT list; this is incompatible with DISTINCT
[12-19 07:55:33,384, 1318608] main.Main CPU: 10.1
[12-19 07:55:36,902, 1322126] main.Main CPU: 0.8666666666666667
[12-19 07:55:40,433, 1325657] main.Main CPU: 4.333333333333333
[12-19 07:55:43,975, 1329199] main.Main CPU: 6.166666666666667
[12-19 07:55:47,505, 1332729] main.Main CPU: 2.3333333333333335
[12-19 07:55:51,046, 1336270] main.Main CPU: 4.7
[12-19 07:55:54,573, 1339797] main.Main CPU: 4.633333333333333
[12-19 07:55:58,117, 1343341] main.Main CPU: 1.7333333333333334
[12-19 07:56:01,674, 1346898] main.Main CPU: 5.1
[12-19 07:56:05,211, 1350435] main.Main CPU: 2.033333333333333
[12-19 07:56:08,744, 1353968] main.Main CPU: 3.9
[12-19 07:56:12,266, 1357490] main.Main CPU: 3.1
[12-19 07:56:15,807, 1361031] main.Main CPU: 2.4333333333333336
[12-19 07:56:19,333, 1364557] main.Main CPU: 8.233333333333333
[12-19 07:56:19,820, 1365044] mysql.MySqlConnect com.mysql.jdbc.exceptions.jdbc4.MySQLIntegrityConstraintViolationException: Duplicate entry 'example@mail.ru' for key 'email'
[12-19 07:56:20,144, 1365368] mysql.MySqlConnect com.mysql.jdbc.exceptions.jdbc4.MySQLIntegrityConstraintViolationException: Duplicate entry '32-21' for key 'PRIMARY'
[12-19 07:56:20,430, 1365654] mysql.MySqlConnect query:
select distinct p.author_id from post p join users u on p.author_id = u.id where p.forum_id = 21 and p.author_id > 2 order by u.name asc limit 2;
[12-19 07:56:20,430, 1365654] mysql.MySqlConnect java.sql.SQLException: Expression #1 of ORDER BY clause is not in SELECT list, references column 'SMDB.u.name' which is not in SELECT list; this is incompatible with DISTINCT
[12-19 07:56:20,436, 1365660] mysql.MySqlConnect query:
select distinct author_id from post p where forum_id = 22 order by name desc ;
[12-19 07:56:20,436, 1365660] mysql.MySqlConnect java.sql.SQLException: Expression #1 of ORDER BY clause is not in SELECT list, references column 'SMDB.p.name' which is not in SELECT list; this is incompatible with DISTINCT
[12-19 07:56:22,876, 1368100] main.Main CPU: 7.000000000000001
[12-19 07:56:26,396, 1371620] main.Main CPU: 2.6
[12-19 07:56:29,914, 1375138] main.Main CPU: 15.733333333333333
[12-19 07:56:33,455, 1378679] main.Main CPU: 1.3666666666666665
[12-19 07:56:36,979, 1382203] main.Main CPU: 3.1333333333333333
[12-19 07:56:40,498, 1385722] main.Main CPU: 1.0
[12-19 07:56:44,021, 1389245] main.Main CPU: 1.2666666666666666
[12-19 07:56:47,543, 1392767] main.Main CPU: 3.8000000000000003
[12-19 07:56:51,067, 1396291] main.Main CPU: 2.9666666666666663
[12-19 07:56:54,609, 1399833] main.Main CPU: 4.666666666666667
[12-19 07:56:58,130, 1403354] main.Main CPU: 1.0999999999999999
[12-19 07:57:01,650, 1406874] main.Main CPU: 2.066666666666667
[12-19 07:57:05,196, 1410420] main.Main CPU: 1.8
[12-19 07:57:08,722, 1413946] main.Main CPU: 0.7666666666666666
[12-19 07:57:12,242, 1417466] main.Main CPU: 6.233333333333334
[12-19 07:57:15,767, 1420991] main.Main CPU: 2.8000000000000003
[12-19 07:57:19,289, 1424513] main.Main CPU: 2.2333333333333334
[12-19 07:57:22,819, 1428043] main.Main CPU: 2.8666666666666667
[12-19 07:57:26,347, 1431571] main.Main CPU: 7.633333333333334
[12-19 07:57:29,892, 1435116] main.Main CPU: 2.8666666666666667
[12-19 07:57:33,412, 1438636] main.Main CPU: 0.9333333333333332
[12-19 07:57:36,942, 1442166] main.Main CPU: 1.4666666666666666
[12-19 07:57:40,469, 1445693] main.Main CPU: 1.0999999999999999
[12-19 07:57:43,017, 1448241] main.Main CPU:
{}
java.util.NoSuchElementException: No line found
	at java.util.Scanner.nextLine(Scanner.java:1540) ~[?:1.8.0_91]
	at main.Main$2.run(Main.java:50) [classes/:?]
	at java.lang.Thread.run(Thread.java:745) [?:1.8.0_91]
