[12-20 11:17:59,267, 3896] main.Main CPU: 0.3666666666666667
[12-20 11:18:02,779, 7408] main.Main CPU: 0.09999999999999999
[12-20 11:18:06,289, 10918] main.Main CPU: 0.0
[12-20 11:18:09,800, 14429] main.Main CPU: 0.19999999999999998
[12-20 11:18:13,310, 17939] main.Main CPU: 2.033333333333333
[12-20 11:18:16,818, 21447] main.Main CPU: 0.06666666666666667
[12-20 11:18:20,336, 24965] main.Main CPU: 0.06666666666666667
[12-20 11:18:23,849, 28478] main.Main CPU: 0.06666666666666667
[12-20 11:18:27,357, 31986] main.Main CPU: 0.0
[12-20 11:18:30,876, 35505] main.Main CPU: 0.06666666666666667
[12-20 11:18:34,390, 39019] main.Main CPU: 0.09999999999999999
[12-20 11:18:37,903, 42532] main.Main CPU: 0.0
[12-20 11:18:41,414, 46043] main.Main CPU: 0.09999999999999999
[12-20 11:18:44,924, 49553] main.Main CPU: 0.09999999999999999
[12-20 11:18:48,438, 53067] main.Main CPU: 0.09999999999999999
[12-20 11:18:51,951, 56580] main.Main CPU: 0.09999999999999999
[12-20 11:18:55,463, 60092] main.Main CPU: 0.26666666666666666
[12-20 11:18:58,971, 63600] main.Main CPU: 0.7000000000000001
[12-20 11:19:02,480, 67109] main.Main CPU: 0.09999999999999999
[12-20 11:19:05,990, 70619] main.Main CPU: 1.8666666666666665
[12-20 11:19:09,496, 74125] main.Main CPU: 4.366666666666666
[12-20 11:19:13,012, 77641] main.Main CPU: 0.9333333333333332
[12-20 11:19:16,521, 81150] main.Main CPU: 1.0333333333333334
[12-20 11:19:20,047, 84676] main.Main CPU: 30.333333333333332
[12-20 11:19:23,569, 88198] main.Main CPU: 7.666666666666667
[12-20 11:19:27,083, 91712] main.Main CPU: 1.8666666666666665
[12-20 11:19:30,597, 95226] main.Main CPU: 7.166666666666667
[12-20 11:19:34,109, 98738] main.Main CPU: 3.633333333333334
[12-20 11:19:37,619, 102248] main.Main CPU: 3.6666666666666674
[12-20 11:19:41,134, 105763] main.Main CPU: 19.433333333333334
[12-20 11:19:44,646, 109275] main.Main CPU: 8.366666666666667
[12-20 11:19:48,157, 112786] main.Main CPU: 0.26666666666666666
[12-20 11:19:51,673, 116302] main.Main CPU: 0.9333333333333332
[12-20 11:19:55,184, 119813] main.Main CPU: 8.4
[12-20 11:19:58,705, 123334] main.Main CPU: 37.13333333333333
[12-20 11:20:02,216, 126845] main.Main CPU: 3.6666666666666674
[12-20 11:20:05,730, 130359] main.Main CPU: 10.5
[12-20 11:20:09,254, 133883] main.Main CPU: 25.566666666666666
[12-20 11:20:12,765, 137394] main.Main CPU: 1.4666666666666668
[12-20 11:20:16,273, 140902] main.Main CPU: 0.09999999999999999
[12-20 11:20:19,784, 144413] main.Main CPU: 0.3333333333333333
[12-20 11:20:23,293, 147922] main.Main CPU: 0.43333333333333335
[12-20 11:20:26,803, 151432] main.Main CPU: 0.5
[12-20 11:20:30,312, 154941] main.Main CPU: 0.43333333333333335
[12-20 11:20:33,817, 158446] main.Main CPU: 1.633333333333333
[12-20 11:20:37,324, 161953] main.Main CPU: 0.19999999999999998
[12-20 11:20:40,830, 165459] main.Main CPU: 0.3333333333333333
[12-20 11:20:44,339, 168968] main.Main CPU: 0.7666666666666666
[12-20 11:20:47,849, 172478] main.Main CPU: 0.6
[12-20 11:20:51,356, 175985] main.Main CPU: 0.43333333333333335
[12-20 11:20:54,865, 179494] main.Main CPU: 1.5333333333333332
[12-20 11:20:58,372, 183001] main.Main CPU: 1.5333333333333332
[12-20 11:21:01,880, 186509] main.Main CPU: 0.43333333333333335
[12-20 11:21:05,386, 190015] main.Main CPU: 1.0333333333333332
[12-20 11:21:08,900, 193529] main.Main CPU: 2.4
[12-20 11:21:12,410, 197039] main.Main CPU: 0.19999999999999998
[12-20 11:21:15,920, 200549] main.Main CPU: 0.9333333333333332
[12-20 11:21:19,433, 204062] main.Main CPU: 1.9333333333333333
[12-20 11:21:22,942, 207571] main.Main CPU: 0.09999999999999999
[12-20 11:21:26,451, 211080] main.Main CPU: 0.19999999999999998
[12-20 11:21:29,960, 214589] main.Main CPU: 19.733333333333334
[12-20 11:21:29,978, 214607] mysql.MySqlConnect com.mysql.jdbc.exceptions.jdbc4.MySQLIntegrityConstraintViolationException: Duplicate entry 'example@mail.ru' for key 'email'
[12-20 11:21:30,531, 215160] mysql.MySqlConnect query:
select distinct p.author_id from post p join users u on p.author_id = u.id where p.forum_id = 37 and p.author_id > 2 order by u.name asc limit 2;
[12-20 11:21:30,531, 215160] mysql.MySqlConnect java.sql.SQLException: Expression #1 of ORDER BY clause is not in SELECT list, references column 'SMDB.u.name' which is not in SELECT list; this is incompatible with DISTINCT
[12-20 11:21:30,535, 215164] mysql.MySqlConnect query:
select distinct author_id from post p where forum_id = 38 order by name desc ;
[12-20 11:21:30,535, 215164] mysql.MySqlConnect java.sql.SQLException: Expression #1 of ORDER BY clause is not in SELECT list, references column 'SMDB.p.name' which is not in SELECT list; this is incompatible with DISTINCT
[12-20 11:21:33,470, 218099] main.Main CPU: 2.2666666666666666
[12-20 11:21:36,980, 221609] main.Main CPU: 0.0
[12-20 11:21:40,488, 225117] main.Main CPU: 0.0
[12-20 11:21:43,996, 228625] main.Main CPU: 0.06666666666666667
[12-20 11:21:47,504, 232133] main.Main CPU: 0.19999999999999998
[12-20 11:21:51,013, 235642] main.Main CPU: 0.06666666666666667
[12-20 11:21:54,525, 239154] main.Main CPU: 0.16666666666666666
[12-20 11:21:56,472, 241101] mysql.MySqlConnect com.mysql.jdbc.exceptions.jdbc4.MySQLIntegrityConstraintViolationException: Duplicate entry 'example2@mail.ru' for key 'email'
[12-20 11:21:56,965, 241594] mysql.MySqlConnect query:
select distinct p.author_id from post p join users u on p.author_id = u.id where p.forum_id = 41 and p.author_id > 2 order by u.name asc limit 2;
[12-20 11:21:56,965, 241594] mysql.MySqlConnect java.sql.SQLException: Expression #1 of ORDER BY clause is not in SELECT list, references column 'SMDB.u.name' which is not in SELECT list; this is incompatible with DISTINCT
[12-20 11:21:56,969, 241598] mysql.MySqlConnect query:
select distinct author_id from post p where forum_id = 42 order by name desc ;
[12-20 11:21:56,970, 241599] mysql.MySqlConnect java.sql.SQLException: Expression #1 of ORDER BY clause is not in SELECT list, references column 'SMDB.p.name' which is not in SELECT list; this is incompatible with DISTINCT
[12-20 11:21:58,036, 242665] main.Main CPU: 11.5
[12-20 11:22:01,547, 246176] main.Main CPU: 0.9333333333333332
[12-20 11:22:05,056, 249685] main.Main CPU: 2.8666666666666667
[12-20 11:22:08,563, 253192] main.Main CPU: 0.3666666666666667
[12-20 11:22:12,073, 256702] main.Main CPU: 2.4
[12-20 11:22:15,585, 260214] main.Main CPU: 13.566666666666668
[12-20 11:22:19,100, 263729] main.Main CPU: 20.03333333333333
[12-20 11:22:22,617, 267246] main.Main CPU: 25.933333333333334
[12-20 11:22:26,132, 270761] main.Main CPU: 26.233333333333334
[12-20 11:22:29,641, 274270] main.Main CPU: 0.3666666666666667
[12-20 11:22:33,149, 277778] main.Main CPU: 1.2666666666666666
[12-20 11:22:36,656, 281285] main.Main CPU: 0.5333333333333333
[12-20 11:22:40,163, 284792] main.Main CPU: 0.6
[12-20 11:22:43,682, 288311] main.Main CPU: 2.9
[12-20 11:22:47,191, 291820] main.Main CPU: 0.3333333333333333
[12-20 11:22:50,700, 295329] main.Main CPU: 18.066666666666666
[12-20 11:22:54,223, 298852] main.Main CPU: 7.1000000000000005
[12-20 11:22:57,733, 302362] main.Main CPU: 2.1999999999999997
[12-20 11:23:01,248, 305877] main.Main CPU: 38.53333333333333
[12-20 11:23:04,758, 309387] main.Main CPU: 4.3
[12-20 11:23:08,267, 312896] main.Main CPU: 2.1
[12-20 11:23:11,776, 316405] main.Main CPU: 0.5
[12-20 11:23:15,286, 319915] main.Main CPU: 0.0
[12-20 11:23:18,796, 323425] main.Main CPU: 0.7000000000000001
[12-20 11:23:22,304, 326933] main.Main CPU: 0.09999999999999999
[12-20 11:23:25,814, 330443] main.Main CPU: 1.9666666666666666
[12-20 11:23:29,323, 333952] main.Main CPU: 0.19999999999999998
[12-20 11:23:32,833, 337462] main.Main CPU: 0.09999999999999999
[12-20 11:23:36,349, 340978] main.Main CPU: 2.066666666666667
[12-20 11:23:39,865, 344494] main.Main CPU: 0.16666666666666666
[12-20 11:23:43,374, 348003] main.Main CPU: 0.3333333333333333
[12-20 11:23:46,886, 351515] main.Main CPU: 0.06666666666666667
[12-20 11:23:50,395, 355024] main.Main CPU: 0.09999999999999999
[12-20 11:23:53,910, 358539] main.Main CPU: 0.0
[12-20 11:23:57,419, 362048] main.Main CPU: 0.16666666666666666
[12-20 11:24:00,930, 365559] main.Main CPU: 0.19999999999999998
[12-20 11:24:04,439, 369068] main.Main CPU: 0.06666666666666667
[12-20 11:24:07,952, 372581] main.Main CPU: 0.16666666666666666
[12-20 11:24:11,465, 376094] main.Main CPU: 0.0
[12-20 11:24:14,988, 379617] main.Main CPU: 0.6
[12-20 11:24:18,498, 383127] main.Main CPU: 0.06666666666666667
[12-20 11:24:22,004, 386633] main.Main CPU: 0.43333333333333335
[12-20 11:24:25,513, 390142] main.Main CPU: 0.06666666666666667
[12-20 11:24:29,023, 393652] main.Main CPU: 1.0
[12-20 11:24:32,532, 397161] main.Main CPU: 0.16666666666666666
[12-20 11:24:36,042, 400671] main.Main CPU: 0.0
[12-20 11:24:39,551, 404180] main.Main CPU: 0.7666666666666666
[12-20 11:24:43,060, 407689] main.Main CPU: 2.1
[12-20 11:24:46,573, 411202] main.Main CPU: 34.300000000000004
[12-20 11:24:50,105, 414734] main.Main CPU: 40.26666666666666
[12-20 11:24:53,621, 418250] main.Main CPU: 31.900000000000002
[12-20 11:24:57,147, 421776] main.Main CPU: 13.066666666666668
[12-20 11:25:00,663, 425292] main.Main CPU: 7.2
[12-20 11:25:04,177, 428806] main.Main CPU: 1.9000000000000001
[12-20 11:25:07,689, 432318] main.Main CPU: 2.6333333333333333
[12-20 11:25:11,204, 435833] main.Main CPU: 1.9666666666666666
[12-20 11:25:14,718, 439347] main.Main CPU: 0.8666666666666667
[12-20 11:25:18,231, 442860] main.Main CPU: 0.09999999999999999
[12-20 11:25:21,740, 446369] main.Main CPU: 0.0
[12-20 11:25:25,258, 449887] main.Main CPU: 0.0
[12-20 11:25:28,769, 453398] main.Main CPU: 0.06666666666666667
[12-20 11:25:32,282, 456911] main.Main CPU: 0.06666666666666667
[12-20 11:25:35,798, 460427] main.Main CPU: 0.09999999999999999
[12-20 11:25:39,309, 463938] main.Main CPU: 0.0
[12-20 11:25:42,840, 467469] main.Main CPU: 0.0
[12-20 11:25:46,351, 470980] main.Main CPU: 0.0
[12-20 11:25:49,860, 474489] main.Main CPU: 0.06666666666666667
[12-20 11:25:53,374, 478003] main.Main CPU: 2.033333333333333
[12-20 11:25:56,886, 481515] main.Main CPU: 1.0999999999999999
[12-20 11:26:00,394, 485023] main.Main CPU: 4.266666666666667
[12-20 11:26:03,920, 488549] main.Main CPU: 10.766666666666666
[12-20 11:26:07,428, 492057] main.Main CPU: 1.3
[12-20 11:26:10,939, 495568] main.Main CPU: 2.733333333333334
[12-20 11:26:14,453, 499082] main.Main CPU: 7.3
[12-20 11:26:17,969, 502598] main.Main CPU: 10.6
[12-20 11:26:21,488, 506117] main.Main CPU: 6.8
[12-20 11:26:25,002, 509631] main.Main CPU: 3.1999999999999997
[12-20 11:26:28,513, 513142] main.Main CPU: 1.8333333333333333
[12-20 11:26:32,023, 516652] main.Main CPU: 14.733333333333334
[12-20 11:26:35,532, 520161] main.Main CPU: 5.033333333333334
[12-20 11:26:39,052, 523681] main.Main CPU: 8.666666666666666
[12-20 11:26:42,564, 527193] main.Main CPU: 0.0
[12-20 11:26:46,077, 530706] main.Main CPU: 1.2666666666666666
[12-20 11:26:49,586, 534215] main.Main CPU: 0.46666666666666673
[12-20 11:26:53,094, 537723] main.Main CPU: 22.666666666666668
[12-20 11:26:56,627, 541256] main.Main CPU: 10.366666666666667
[12-20 11:27:00,153, 544782] main.Main CPU: 15.733333333333334
[12-20 11:27:03,661, 548290] main.Main CPU: 1.0333333333333334
[12-20 11:27:07,171, 551800] main.Main CPU: 0.7666666666666666
[12-20 11:27:10,685, 555314] main.Main CPU: 0.16666666666666666
[12-20 11:27:14,198, 558827] main.Main CPU: 1.2666666666666666
[12-20 11:27:17,726, 562355] main.Main CPU: 10.233333333333334
[12-20 11:27:21,239, 565868] main.Main CPU: 28.266666666666666
[12-20 11:27:24,767, 569396] main.Main CPU: 63.23333333333333
[12-20 11:27:28,281, 572910] main.Main CPU: 7.2
[12-20 11:27:31,805, 576434] main.Main CPU: 4.066666666666666
[12-20 11:27:35,317, 579946] main.Main CPU: 1.6333333333333335
[12-20 11:27:38,830, 583459] main.Main CPU: 0.6666666666666666
[12-20 11:27:42,336, 586965] main.Main CPU: 0.5
[12-20 11:27:45,844, 590473] main.Main CPU: 0.26666666666666666
[12-20 11:27:49,353, 593982] main.Main CPU: 0.09999999999999999
[12-20 11:27:52,867, 597496] main.Main CPU: 1.9666666666666666
[12-20 11:27:56,382, 601011] main.Main CPU: 21.866666666666664
[12-20 11:27:59,896, 604525] main.Main CPU: 1.4333333333333333
[12-20 11:28:03,407, 608036] main.Main CPU: 1.2
[12-20 11:28:06,922, 611551] main.Main CPU: 2.2666666666666666
[12-20 11:28:10,441, 615070] main.Main CPU: 6.733333333333333
[12-20 11:28:13,952, 618581] main.Main CPU: 0.06666666666666667
[12-20 11:28:17,463, 622092] main.Main CPU: 2.033333333333333
[12-20 11:28:21,006, 625635] main.Main CPU: 15.1
[12-20 11:28:24,516, 629145] main.Main CPU: 3.0
[12-20 11:28:28,028, 632657] main.Main CPU: 14.866666666666667
[12-20 11:28:31,540, 636169] main.Main CPU: 1.3666666666666665
[12-20 11:28:35,050, 639679] main.Main CPU: 7.566666666666666
[12-20 11:28:38,561, 643190] main.Main CPU: 6.733333333333333
[12-20 11:28:42,080, 646709] main.Main CPU: 5.8999999999999995
[12-20 11:28:45,588, 650217] main.Main CPU: 0.5333333333333333
[12-20 11:28:49,098, 653727] main.Main CPU: 7.2
[12-20 11:28:52,607, 657236] main.Main CPU: 4.3999999999999995
[12-20 11:28:56,118, 660747] main.Main CPU: 13.633333333333333
[12-20 11:28:59,631, 664260] main.Main CPU: 18.933333333333334
[12-20 11:29:03,146, 667775] main.Main CPU: 0.8333333333333334
[12-20 11:29:06,660, 671289] main.Main CPU: 0.6
[12-20 11:29:10,176, 674805] main.Main CPU: 3.0666666666666664
[12-20 11:29:13,689, 678318] main.Main CPU: 8.366666666666667
[12-20 11:29:17,208, 681837] main.Main CPU: 1.7999999999999998
[12-20 11:29:20,721, 685350] main.Main CPU: 2.533333333333333
[12-20 11:29:24,237, 688866] main.Main CPU: 5.366666666666667
[12-20 11:29:27,751, 692380] main.Main CPU: 12.966666666666667
[12-20 11:29:31,264, 695893] main.Main CPU: 0.43333333333333335
[12-20 11:29:34,779, 699408] main.Main CPU: 14.666666666666666
[12-20 11:29:38,312, 702941] main.Main CPU: 12.6
[12-20 11:29:41,830, 706459] main.Main CPU: 13.666666666666666
[12-20 11:29:45,341, 709970] main.Main CPU: 1.9666666666666668
[12-20 11:29:48,852, 713481] main.Main CPU: 0.16666666666666666
[12-20 11:29:52,360, 716989] main.Main CPU: 0.16666666666666666
[12-20 11:29:55,876, 720505] main.Main CPU: 0.16666666666666666
[12-20 11:29:59,386, 724015] main.Main CPU: 0.06666666666666667
[12-20 11:30:02,895, 727524] main.Main CPU: 0.0
[12-20 11:30:06,406, 731035] main.Main CPU: 0.16666666666666666
[12-20 11:30:09,917, 734546] main.Main CPU: 0.0
[12-20 11:30:13,431, 738060] main.Main CPU: 0.0
[12-20 11:30:16,941, 741570] main.Main CPU: 0.0
[12-20 11:30:20,455, 745084] main.Main CPU: 0.06666666666666667
[12-20 11:30:23,969, 748598] main.Main CPU: 0.09999999999999999
[12-20 11:30:27,480, 752109] main.Main CPU: 0.19999999999999998
[12-20 11:30:30,992, 755621] main.Main CPU: 0.19999999999999998
[12-20 11:30:34,501, 759130] main.Main CPU: 0.19999999999999998
[12-20 11:30:38,013, 762642] main.Main CPU: 0.0
[12-20 11:30:41,523, 766152] main.Main CPU: 0.06666666666666667
[12-20 11:30:45,031, 769660] main.Main CPU: 1.5999999999999999
[12-20 11:30:48,540, 773169] main.Main CPU: 0.0
[12-20 11:30:52,056, 776685] main.Main CPU: 0.06666666666666667
[12-20 11:30:55,565, 780194] main.Main CPU: 0.06666666666666667
[12-20 11:30:59,074, 783703] main.Main CPU: 0.19999999999999998
[12-20 11:31:02,583, 787212] main.Main CPU: 2.433333333333333
[12-20 11:31:06,095, 790724] main.Main CPU: 9.666666666666666
[12-20 11:31:09,609, 794238] main.Main CPU: 9.299999999999999
[12-20 11:31:13,119, 797748] main.Main CPU: 16.233333333333334
[12-20 11:31:16,628, 801257] main.Main CPU: 1.3333333333333333
[12-20 11:31:20,138, 804767] main.Main CPU: 0.13333333333333333
[12-20 11:31:23,660, 808289] main.Main CPU: 16.2
[12-20 11:31:27,182, 811811] main.Main CPU: 10.9
[12-20 11:31:30,693, 815322] main.Main CPU: 1.633333333333333
[12-20 11:31:34,212, 818841] main.Main CPU: 19.333333333333336
[12-20 11:31:37,724, 822353] main.Main CPU: 13.6
[12-20 11:31:41,273, 825902] main.Main CPU: 26.866666666666664
[12-20 11:31:44,824, 829453] main.Main CPU: 52.93333333333334
[12-20 11:31:48,343, 832972] main.Main CPU: 15.133333333333333
[12-20 11:31:51,851, 836480] main.Main CPU: 2.3000000000000003
[12-20 11:31:55,364, 839993] main.Main CPU: 22.799999999999997
[12-20 11:31:58,896, 843525] main.Main CPU: 23.233333333333334
[12-20 11:32:02,406, 847035] main.Main CPU: 0.3
[12-20 11:32:05,915, 850544] main.Main CPU: 1.0333333333333334
[12-20 11:32:09,427, 854056] main.Main CPU: 6.6000000000000005
[12-20 11:32:12,941, 857570] main.Main CPU: 4.266666666666667
[12-20 11:32:16,456, 861085] main.Main CPU: 14.499999999999998
[12-20 11:32:19,976, 864605] main.Main CPU: 17.833333333333332
[12-20 11:32:23,490, 868119] main.Main CPU: 22.366666666666664
[12-20 11:32:27,005, 871634] main.Main CPU: 25.666666666666668
[12-20 11:32:30,516, 875145] main.Main CPU: 1.5333333333333332
[12-20 11:32:34,029, 878658] main.Main CPU: 13.399999999999999
[12-20 11:32:37,551, 882180] main.Main CPU: 49.46666666666666
[12-20 11:32:41,068, 885697] main.Main CPU: 22.066666666666666
[12-20 11:32:44,580, 889209] main.Main CPU: 1.0999999999999999
[12-20 11:32:48,108, 892737] main.Main CPU: 23.633333333333336
[12-20 11:32:51,626, 896255] main.Main CPU: 5.266666666666667
[12-20 11:32:55,135, 899764] main.Main CPU: 0.5333333333333333
[12-20 11:32:58,648, 903277] main.Main CPU: 0.5
[12-20 11:33:02,160, 906789] main.Main CPU: 0.3666666666666667
[12-20 11:33:05,672, 910301] main.Main CPU: 0.26666666666666666
[12-20 11:33:09,182, 913811] main.Main CPU: 0.16666666666666666
[12-20 11:33:12,694, 917323] main.Main CPU: 0.09999999999999999
[12-20 11:33:16,208, 920837] main.Main CPU: 0.06666666666666667
[12-20 11:33:19,718, 924347] main.Main CPU: 0.09999999999999999
[12-20 11:33:23,228, 927857] main.Main CPU: 0.0
[12-20 11:33:26,739, 931368] main.Main CPU: 0.3
[12-20 11:33:30,250, 934879] main.Main CPU: 0.26666666666666666
[12-20 11:33:33,761, 938390] main.Main CPU: 0.2333333333333333
[12-20 11:33:37,273, 941902] main.Main CPU: 0.5
[12-20 11:33:40,786, 945415] main.Main CPU: 0.3333333333333333
[12-20 11:33:44,299, 948928] main.Main CPU: 0.26666666666666666
[12-20 11:33:47,810, 952439] main.Main CPU: 0.06666666666666667
[12-20 11:33:51,319, 955948] main.Main CPU: 0.0
[12-20 11:33:54,832, 959461] main.Main CPU: 3.1666666666666674
[12-20 11:33:58,343, 962972] main.Main CPU: 1.6666666666666667
[12-20 11:34:01,850, 966479] main.Main CPU: 0.5
[12-20 11:34:05,362, 969991] main.Main CPU: 0.16666666666666666
[12-20 11:34:08,873, 973502] main.Main CPU: 0.0
[12-20 11:34:12,388, 977017] main.Main CPU: 0.0
[12-20 11:34:15,897, 980526] main.Main CPU: 1.5999999999999999
[12-20 11:34:19,408, 984037] main.Main CPU: 0.16666666666666666
[12-20 11:34:22,916, 987545] main.Main CPU: 0.8333333333333334
[12-20 11:34:26,427, 991056] main.Main CPU: 0.0
[12-20 11:34:29,935, 994564] main.Main CPU: 0.3
[12-20 11:34:33,444, 998073] main.Main CPU: 1.0333333333333332
[12-20 11:34:36,952, 1001581] main.Main CPU: 0.06666666666666667
[12-20 11:34:40,463, 1005092] main.Main CPU: 15.933333333333332
[12-20 11:34:43,978, 1008607] main.Main CPU: 24.03333333333333
[12-20 11:34:47,510, 1012139] main.Main CPU: 37.03333333333333
[12-20 11:34:51,028, 1015657] main.Main CPU: 33.96666666666666
[12-20 11:34:54,544, 1019173] main.Main CPU: 18.7
[12-20 11:34:58,070, 1022699] main.Main CPU: 12.666666666666666
[12-20 11:35:01,578, 1026207] main.Main CPU: 10.066666666666666
[12-20 11:35:05,096, 1029725] main.Main CPU: 2.1999999999999997
[12-20 11:35:08,610, 1033239] main.Main CPU: 0.5333333333333333
[12-20 11:35:12,124, 1036753] main.Main CPU: 0.46666666666666673
[12-20 11:35:15,637, 1040266] main.Main CPU: 2.3333333333333335
[12-20 11:35:19,151, 1043780] main.Main CPU: 15.0
[12-20 11:35:22,661, 1047290] main.Main CPU: 9.200000000000001
[12-20 11:35:26,169, 1050798] main.Main CPU: 0.3666666666666667
[12-20 11:35:29,682, 1054311] main.Main CPU: 0.26666666666666666
[12-20 11:35:33,192, 1057821] main.Main CPU: 0.8666666666666667
[12-20 11:35:36,704, 1061333] main.Main CPU: 9.6
[12-20 11:35:40,217, 1064846] main.Main CPU: 0.3333333333333333
[12-20 11:35:43,723, 1068352] main.Main CPU: 0.0
[12-20 11:35:47,233, 1071862] main.Main CPU: 2.1999999999999997
[12-20 11:35:50,754, 1075383] main.Main CPU: 7.166666666666667
[12-20 11:35:54,273, 1078902] main.Main CPU: 4.6000000000000005
[12-20 11:35:57,786, 1082415] main.Main CPU: 6.766666666666667
[12-20 11:36:01,305, 1085934] main.Main CPU: 2.466666666666667
[12-20 11:36:04,823, 1089452] main.Main CPU: 5.3999999999999995
[12-20 11:36:08,336, 1092965] main.Main CPU: 3.8000000000000003
[12-20 11:36:11,851, 1096480] main.Main CPU: 3.2999999999999994
[12-20 11:36:15,364, 1099993] main.Main CPU: 1.7666666666666666
[12-20 11:36:18,874, 1103503] main.Main CPU: 2.033333333333333
[12-20 11:36:22,388, 1107017] main.Main CPU: 0.6
[12-20 11:36:25,902, 1110531] main.Main CPU: 3.233333333333333
[12-20 11:36:29,414, 1114043] main.Main CPU: 2.9
[12-20 11:36:32,932, 1117561] main.Main CPU: 3.233333333333333
[12-20 11:36:36,444, 1121073] main.Main CPU: 3.1
[12-20 11:36:39,954, 1124583] main.Main CPU: 1.8
[12-20 11:36:43,467, 1128096] main.Main CPU: 3.6
[12-20 11:36:46,982, 1131611] main.Main CPU: 3.133333333333333
[12-20 11:36:50,493, 1135122] main.Main CPU: 2.6333333333333333
[12-20 11:36:54,015, 1138644] main.Main CPU: 8.066666666666668
[12-20 11:36:57,533, 1142162] main.Main CPU: 9.833333333333334
[12-20 11:37:01,049, 1145678] main.Main CPU: 8.4
[12-20 11:37:04,565, 1149194] main.Main CPU: 6.1000000000000005
[12-20 11:37:08,077, 1152706] main.Main CPU: 3.7000000000000006
[12-20 11:37:11,590, 1156219] main.Main CPU: 3.9
[12-20 11:37:15,101, 1159730] main.Main CPU: 2.5
[12-20 11:37:18,621, 1163250] main.Main CPU: 10.466666666666667
[12-20 11:37:22,140, 1166769] main.Main CPU: 22.03333333333333
[12-20 11:37:25,661, 1170290] main.Main CPU: 28.03333333333333
[12-20 11:37:26,756, 1171385] main.Main CPU:
{}
java.util.NoSuchElementException: No line found
	at java.util.Scanner.nextLine(Scanner.java:1540) ~[?:1.8.0_101]
	at main.Main$2.run(Main.java:50) [DBApi-1.0-jar-with-dependencies.jar:?]
	at java.lang.Thread.run(Thread.java:745) [?:1.8.0_101]
